{
  "runtime": {
    "status": "completed",
    "completed_cycles": 1,
    "current_cycle": 1,
    "cycle_interval_seconds": 1.0,
    "max_cycles": 1,
    "configured_power_pct": 65.0,
    "train_after_eligible_cycles": 10,
    "fingerprint_sequence_length": 2,
    "model_status": "no_model_yet",
    "training_events": [
      "blocked"
    ],
    "latest_valid_artifact_count": 0,
    "latest_eligible_history_count": 0,
    "latest_window_count": 0
  },
  "scenario_control": {
    "configured_scenario": "quorum_loss",
    "scenario_start_cycle": 1
  },
  "cycle_history": [
    {
      "cycle_index": 1,
      "round_id": "round-20260403222907489478",
      "final_consensus_status": "failed_consensus",
      "persistence_status": "blocked",
      "artifact_key": null,
      "cadence_stage": {
        "cycle_index": 1,
        "status": "cycle_complete",
        "configured_interval_seconds": 1.0,
        "elapsed_seconds": 2.238,
        "next_sleep_seconds": 0.0,
        "will_continue": false
      },
      "scenario_control": {
        "configured_scenario": "quorum_loss",
        "active_scenario": "quorum_loss",
        "start_cycle": 1,
        "active": true,
        "fault_mode": "quorum_loss",
        "scada_mode": "match",
        "scenario_label": "quorum_loss",
        "training_label": "non_normal",
        "training_eligible": false,
        "training_eligibility_reason": "scenario:quorum_loss",
        "expected_output_channels": [
          "consensus_alert",
          "persistence_stage"
        ]
      },
      "scada_runtime_scenario": {
        "active": false,
        "mode": "match",
        "start_cycle": 0,
        "replay_source_round_id": null
      },
      "fingerprint_lifecycle": {
        "cycle_index": 1,
        "valid_artifact_count": 0,
        "eligible_history_count": 0,
        "eligible_history_threshold": 10,
        "window_count": 0,
        "latest_valid_artifact_key": null,
        "model_status": "no_model_yet",
        "training_events": [
          "blocked"
        ],
        "inference_status": "blocked:no_quorum_reached",
        "inference_result_count": 0,
        "dataset_manifest_object_key": null,
        "model_metadata_object_key": null,
        "source_dataset_validation_level": null,
        "limitation_note": "No quorum was reached in distributed validation, so no trusted payload was produced and nothing was forwarded downstream."
      },
      "replay_behavior": null
    }
  ],
  "latest_cycle": {
    "demo": {
      "cycle_index": 1,
      "mqtt_transport": "real",
      "mqtt_topic": "edges/observations",
      "fault_mode": "none",
      "faulty_edges": [
        "edge-2",
        "edge-3"
      ],
      "log_path": "logs/qa-fullapp-quorum-20260403.log",
      "cycle_interval_seconds": 1.0,
      "train_after_eligible_cycles": 10,
      "fingerprint_sequence_length": 2,
      "scenario_name": "quorum_loss",
      "scenario_start_cycle": 1,
      "scada_mode": "match",
      "scada_start_cycle": 0
    },
    "runtime_cycle": {
      "current_cycle": 1,
      "cadence_stage": {
        "cycle_index": 1,
        "status": "cycle_complete",
        "configured_interval_seconds": 1.0,
        "elapsed_seconds": 2.238,
        "next_sleep_seconds": 0.0,
        "will_continue": false
      }
    },
    "simulator_snapshot": {
      "compressor_id": "compressor-1",
      "operating_state_pct": 65.0,
      "sensors": {
        "temperature": 76.835,
        "pressure": 6.075,
        "rpm": 3186.012
      },
      "transmitter_observations": {
        "temperature": {
          "sensor_name": "temperature",
          "operating_state_pct": 65.0,
          "pv": {
            "value": 76.835,
            "unit": "degC",
            "unit_code": 32,
            "description": "Process_Temperature"
          },
          "sv": {
            "value": 57.287,
            "unit": "degC",
            "unit_code": 32,
            "description": "Sensor_Body_Temperature"
          },
          "loop_current_ma": 13.816,
          "pv_percent_range": 61.351,
          "diagnostics": {
            "device_status_hex": "0x00",
            "field_device_malfunction": false,
            "loop_current_saturated": false
          }
        },
        "pressure": {
          "sensor_name": "pressure",
          "operating_state_pct": 65.0,
          "pv": {
            "value": 6.075,
            "unit": "bar",
            "unit_code": 7,
            "description": "Process_Pressure"
          },
          "sv": {
            "value": 32.6,
            "unit": "degC",
            "unit_code": 32,
            "description": "Transmitter_Module_Temperature"
          },
          "loop_current_ma": 14.209,
          "pv_percent_range": 63.806,
          "diagnostics": {
            "device_status_hex": "0x00",
            "field_device_malfunction": false,
            "loop_current_saturated": false
          }
        },
        "rpm": {
          "sensor_name": "rpm",
          "operating_state_pct": 65.0,
          "pv": {
            "value": 3186.012,
            "unit": "rpm",
            "unit_code": null,
            "description": "Shaft_Speed"
          },
          "loop_current_ma": 14.592,
          "pv_percent_range": 66.2,
          "diagnostics": {
            "device_status_hex": "0x00",
            "field_device_malfunction": false,
            "loop_current_saturated": false
          }
        }
      },
      "metadata": {
        "step": 2,
        "noise_level": 0.708,
        "hidden_process_state": {
          "driver": "compressor_load_pct",
          "operating_state_pct": 65.0
        },
        "control_adjustments": {
          "operating_state_offset": 0.0,
          "temperature_bias": 0.0,
          "pressure_bias": 0.0,
          "rpm_bias": 0.0,
          "noise_multiplier": 1.0
        }
      }
    },
    "scenario_control": {
      "configured_scenario": "quorum_loss",
      "active_scenario": "quorum_loss",
      "start_cycle": 1,
      "active": true,
      "fault_mode": "quorum_loss",
      "scada_mode": "match",
      "scenario_label": "quorum_loss",
      "training_label": "non_normal",
      "training_eligible": false,
      "training_eligibility_reason": "scenario:quorum_loss",
      "expected_output_channels": [
        "consensus_alert",
        "persistence_stage"
      ]
    },
    "scada_runtime_scenario": {
      "active": false,
      "mode": "match",
      "start_cycle": 0,
      "replay_source_round_id": null
    },
    "fingerprint_lifecycle": {
      "cycle_index": 1,
      "valid_artifact_count": 0,
      "eligible_history_count": 0,
      "eligible_history_threshold": 10,
      "window_count": 0,
      "latest_valid_artifact_key": null,
      "model_status": "no_model_yet",
      "training_events": [
        "blocked"
      ],
      "inference_status": "blocked:no_quorum_reached",
      "inference_result_count": 0,
      "dataset_manifest_object_key": null,
      "model_metadata_object_key": null,
      "source_dataset_validation_level": null,
      "limitation_note": "No quorum was reached in distributed validation, so no trusted payload was produced and nothing was forwarded downstream."
    },
    "fingerprint_inference_results": [],
    "replay_behavior": null,
    "replay_inference_results": [],
    "cometbft": {
      "node_version": "0.39.0",
      "latest_block_height": "46",
      "committed_height": 47,
      "tx_hash": "C8D425BEE7FCD98F366E6C424D194B3C1FB6B0F014D18314C031157D5D347305",
      "check_tx_code": 0,
      "deliver_tx_code": 0
    },
    "consensus_summary": {
      "round_id": "round-20260403222907489478",
      "total_participants": 3,
      "quorum_required": 2,
      "valid_participants_after_exclusions": 0,
      "excluded_edge_ids": [
        "edge-1",
        "edge-2",
        "edge-3"
      ],
      "exclusion_reasons": [
        "suspected_byzantine_behavior",
        "suspected_byzantine_behavior",
        "suspected_byzantine_behavior"
      ],
      "excluded_edges": [
        {
          "edge_id": "edge-1",
          "reason": "suspected_byzantine_behavior",
          "detail": "compatible_peers=0, overall_normalized_deviation=2.353, pressure:4.200bar(norm=1.400), rpm:1895.000rpm(norm=3.158), temperature:50.000degC(norm=2.500)"
        },
        {
          "edge_id": "edge-2",
          "reason": "suspected_byzantine_behavior",
          "detail": "compatible_peers=0, overall_normalized_deviation=3.289, pressure:5.900bar(norm=1.967), rpm:2640.000rpm(norm=4.400), temperature:70.000degC(norm=3.500)"
        },
        {
          "edge_id": "edge-3",
          "reason": "suspected_byzantine_behavior",
          "detail": "compatible_peers=0, overall_normalized_deviation=3.769, pressure:6.700bar(norm=2.233), rpm:3045.000rpm(norm=5.075), temperature:80.000degC(norm=4.000)"
        }
      ],
      "final_consensus_status": "failed_consensus",
      "has_consensused_valid_state": false
    },
    "committed_round_state": {
      "round_id": "round-20260403222907489478",
      "window_started_at": "2026-04-03T22:28:07.489478+00:00",
      "window_ended_at": "2026-04-03T22:29:07.489478+00:00",
      "participating_edges": [
        "edge-1",
        "edge-2",
        "edge-3"
      ],
      "replicated_states": [
        {
          "owner_edge_id": "edge-1",
          "sensor_values": {
            "pressure": {
              "value": 6.075,
              "unit": "bar"
            },
            "rpm": {
              "value": 3186.012,
              "unit": "rpm"
            },
            "temperature": {
              "value": 76.835,
              "unit": "degC"
            }
          }
        },
        {
          "owner_edge_id": "edge-2",
          "sensor_values": {
            "pressure": {
              "value": 9.475,
              "unit": "bar"
            },
            "rpm": {
              "value": 4676.012,
              "unit": "rpm"
            },
            "temperature": {
              "value": 116.835,
              "unit": "degC"
            }
          }
        },
        {
          "owner_edge_id": "edge-3",
          "sensor_values": {
            "pressure": {
              "value": 1.075,
              "unit": "bar"
            },
            "rpm": {
              "value": 886.012,
              "unit": "rpm"
            },
            "temperature": {
              "value": 16.835,
              "unit": "degC"
            }
          }
        }
      ],
      "trust_ranking": [
        {
          "edge_id": "edge-1",
          "score": 0.298
        },
        {
          "edge_id": "edge-2",
          "score": 0.233
        },
        {
          "edge_id": "edge-3",
          "score": 0.21
        }
      ],
      "exclusions": [
        {
          "edge_id": "edge-1",
          "reason": "suspected_byzantine_behavior",
          "detail": "compatible_peers=0, overall_normalized_deviation=2.353, pressure:4.200bar(norm=1.400), rpm:1895.000rpm(norm=3.158), temperature:50.000degC(norm=2.500)"
        },
        {
          "edge_id": "edge-2",
          "reason": "suspected_byzantine_behavior",
          "detail": "compatible_peers=0, overall_normalized_deviation=3.289, pressure:5.900bar(norm=1.967), rpm:2640.000rpm(norm=4.400), temperature:70.000degC(norm=3.500)"
        },
        {
          "edge_id": "edge-3",
          "reason": "suspected_byzantine_behavior",
          "detail": "compatible_peers=0, overall_normalized_deviation=3.769, pressure:6.700bar(norm=2.233), rpm:3045.000rpm(norm=5.075), temperature:80.000degC(norm=4.000)"
        }
      ],
      "trust_evidence": [
        {
          "edge_id": "edge-1",
          "score": 0.298,
          "compatible_peer_count": 0,
          "overall_normalized_deviation": 2.353,
          "sensor_deviations": [
            {
              "sensor_name": "pressure",
              "deviation_value": 4.2,
              "unit": "bar"
            },
            {
              "sensor_name": "rpm",
              "deviation_value": 1895,
              "unit": "rpm"
            },
            {
              "sensor_name": "temperature",
              "deviation_value": 50,
              "unit": "degC"
            }
          ],
          "pairwise_distances": [
            {
              "peer_edge_id": "edge-2",
              "sensor_name": "pressure",
              "distance_value": 3.4,
              "unit": "bar"
            },
            {
              "peer_edge_id": "edge-3",
              "sensor_name": "pressure",
              "distance_value": 5,
              "unit": "bar"
            },
            {
              "peer_edge_id": "edge-2",
              "sensor_name": "rpm",
              "distance_value": 1490,
              "unit": "rpm"
            },
            {
              "peer_edge_id": "edge-3",
              "sensor_name": "rpm",
              "distance_value": 2300,
              "unit": "rpm"
            },
            {
              "peer_edge_id": "edge-2",
              "sensor_name": "temperature",
              "distance_value": 40,
              "unit": "degC"
            },
            {
              "peer_edge_id": "edge-3",
              "sensor_name": "temperature",
              "distance_value": 60,
              "unit": "degC"
            }
          ]
        },
        {
          "edge_id": "edge-2",
          "score": 0.233,
          "compatible_peer_count": 0,
          "overall_normalized_deviation": 3.289,
          "sensor_deviations": [
            {
              "sensor_name": "pressure",
              "deviation_value": 5.9,
              "unit": "bar"
            },
            {
              "sensor_name": "rpm",
              "deviation_value": 2640,
              "unit": "rpm"
            },
            {
              "sensor_name": "temperature",
              "deviation_value": 70,
              "unit": "degC"
            }
          ],
          "pairwise_distances": [
            {
              "peer_edge_id": "edge-1",
              "sensor_name": "pressure",
              "distance_value": 3.4,
              "unit": "bar"
            },
            {
              "peer_edge_id": "edge-3",
              "sensor_name": "pressure",
              "distance_value": 8.4,
              "unit": "bar"
            },
            {
              "peer_edge_id": "edge-1",
              "sensor_name": "rpm",
              "distance_value": 1490,
              "unit": "rpm"
            },
            {
              "peer_edge_id": "edge-3",
              "sensor_name": "rpm",
              "distance_value": 3790,
              "unit": "rpm"
            },
            {
              "peer_edge_id": "edge-1",
              "sensor_name": "temperature",
              "distance_value": 40,
              "unit": "degC"
            },
            {
              "peer_edge_id": "edge-3",
              "sensor_name": "temperature",
              "distance_value": 100,
              "unit": "degC"
            }
          ]
        },
        {
          "edge_id": "edge-3",
          "score": 0.21,
          "compatible_peer_count": 0,
          "overall_normalized_deviation": 3.769,
          "sensor_deviations": [
            {
              "sensor_name": "pressure",
              "deviation_value": 6.7,
              "unit": "bar"
            },
            {
              "sensor_name": "rpm",
              "deviation_value": 3045,
              "unit": "rpm"
            },
            {
              "sensor_name": "temperature",
              "deviation_value": 80,
              "unit": "degC"
            }
          ],
          "pairwise_distances": [
            {
              "peer_edge_id": "edge-1",
              "sensor_name": "pressure",
              "distance_value": 5,
              "unit": "bar"
            },
            {
              "peer_edge_id": "edge-2",
              "sensor_name": "pressure",
              "distance_value": 8.4,
              "unit": "bar"
            },
            {
              "peer_edge_id": "edge-1",
              "sensor_name": "rpm",
              "distance_value": 2300,
              "unit": "rpm"
            },
            {
              "peer_edge_id": "edge-2",
              "sensor_name": "rpm",
              "distance_value": 3790,
              "unit": "rpm"
            },
            {
              "peer_edge_id": "edge-1",
              "sensor_name": "temperature",
              "distance_value": 60,
              "unit": "degC"
            },
            {
              "peer_edge_id": "edge-2",
              "sensor_name": "temperature",
              "distance_value": 100,
              "unit": "degC"
            }
          ]
        }
      ],
      "final_status": "failed_consensus",
      "consensused_valid_state": null,
      "commit_height": 47
    },
    "consensus_log": {
      "compact": "round-20260403222907489478: status=failed_consensus participants=3 excluded=3 exclusions[edge-1:suspected_byzantine_behavior, edge-2:suspected_byzantine_behavior, edge-3:suspected_byzantine_behavior]",
      "detailed": "round=round-20260403222907489478\nstatus=failed_consensus\nparticipants=edge-1, edge-2, edge-3\nedge=edge-1 score=0.298 compatible_peers=0 overall_dev=2.353 deviations[pressure=4.200 bar, rpm=1895.000 rpm, temperature=50.000 degC] pairwise[edge-2:pressure=3.400 bar, edge-3:pressure=5.000 bar, edge-2:rpm=1490.000 rpm, edge-3:rpm=2300.000 rpm, edge-2:temperature=40.000 degC, edge-3:temperature=60.000 degC]\nedge=edge-2 score=0.233 compatible_peers=0 overall_dev=3.289 deviations[pressure=5.900 bar, rpm=2640.000 rpm, temperature=70.000 degC] pairwise[edge-1:pressure=3.400 bar, edge-3:pressure=8.400 bar, edge-1:rpm=1490.000 rpm, edge-3:rpm=3790.000 rpm, edge-1:temperature=40.000 degC, edge-3:temperature=100.000 degC]\nedge=edge-3 score=0.210 compatible_peers=0 overall_dev=3.769 deviations[pressure=6.700 bar, rpm=3045.000 rpm, temperature=80.000 degC] pairwise[edge-1:pressure=5.000 bar, edge-2:pressure=8.400 bar, edge-1:rpm=2300.000 rpm, edge-2:rpm=3790.000 rpm, edge-1:temperature=60.000 degC, edge-2:temperature=100.000 degC]\nexcluded=edge-1 reason=suspected_byzantine_behavior detail=compatible_peers=0, overall_normalized_deviation=2.353, pressure:4.200bar(norm=1.400), rpm:1895.000rpm(norm=3.158), temperature:50.000degC(norm=2.500)\nexcluded=edge-2 reason=suspected_byzantine_behavior detail=compatible_peers=0, overall_normalized_deviation=3.289, pressure:5.900bar(norm=1.967), rpm:2640.000rpm(norm=4.400), temperature:70.000degC(norm=3.500)\nexcluded=edge-3 reason=suspected_byzantine_behavior detail=compatible_peers=0, overall_normalized_deviation=3.769, pressure:6.700bar(norm=2.233), rpm:3045.000rpm(norm=5.075), temperature:80.000degC(norm=4.000)\nconsensused_valid_state=absent",
      "structured": {
        "round_id": "round-20260403222907489478",
        "window_started_at": "2026-04-03T22:28:07.489478+00:00",
        "window_ended_at": "2026-04-03T22:29:07.489478+00:00",
        "participating_edges": [
          "edge-1",
          "edge-2",
          "edge-3"
        ],
        "trust_ranking": [
          {
            "edge_id": "edge-1",
            "score": 0.298
          },
          {
            "edge_id": "edge-2",
            "score": 0.233
          },
          {
            "edge_id": "edge-3",
            "score": 0.21
          }
        ],
        "exclusions": [
          {
            "edge_id": "edge-1",
            "reason": "suspected_byzantine_behavior",
            "detail": "compatible_peers=0, overall_normalized_deviation=2.353, pressure:4.200bar(norm=1.400), rpm:1895.000rpm(norm=3.158), temperature:50.000degC(norm=2.500)"
          },
          {
            "edge_id": "edge-2",
            "reason": "suspected_byzantine_behavior",
            "detail": "compatible_peers=0, overall_normalized_deviation=3.289, pressure:5.900bar(norm=1.967), rpm:2640.000rpm(norm=4.400), temperature:70.000degC(norm=3.500)"
          },
          {
            "edge_id": "edge-3",
            "reason": "suspected_byzantine_behavior",
            "detail": "compatible_peers=0, overall_normalized_deviation=3.769, pressure:6.700bar(norm=2.233), rpm:3045.000rpm(norm=5.075), temperature:80.000degC(norm=4.000)"
          }
        ],
        "trust_evidence": [
          {
            "edge_id": "edge-1",
            "score": 0.298,
            "compatible_peer_count": 0,
            "overall_normalized_deviation": 2.353,
            "sensor_deviations": [
              {
                "sensor_name": "pressure",
                "deviation_value": 4.2,
                "unit": "bar"
              },
              {
                "sensor_name": "rpm",
                "deviation_value": 1895.0,
                "unit": "rpm"
              },
              {
                "sensor_name": "temperature",
                "deviation_value": 50.0,
                "unit": "degC"
              }
            ],
            "pairwise_distances": [
              {
                "peer_edge_id": "edge-2",
                "sensor_name": "pressure",
                "distance_value": 3.4,
                "unit": "bar"
              },
              {
                "peer_edge_id": "edge-3",
                "sensor_name": "pressure",
                "distance_value": 5.0,
                "unit": "bar"
              },
              {
                "peer_edge_id": "edge-2",
                "sensor_name": "rpm",
                "distance_value": 1490.0,
                "unit": "rpm"
              },
              {
                "peer_edge_id": "edge-3",
                "sensor_name": "rpm",
                "distance_value": 2300.0,
                "unit": "rpm"
              },
              {
                "peer_edge_id": "edge-2",
                "sensor_name": "temperature",
                "distance_value": 40.0,
                "unit": "degC"
              },
              {
                "peer_edge_id": "edge-3",
                "sensor_name": "temperature",
                "distance_value": 60.0,
                "unit": "degC"
              }
            ]
          },
          {
            "edge_id": "edge-2",
            "score": 0.233,
            "compatible_peer_count": 0,
            "overall_normalized_deviation": 3.289,
            "sensor_deviations": [
              {
                "sensor_name": "pressure",
                "deviation_value": 5.9,
                "unit": "bar"
              },
              {
                "sensor_name": "rpm",
                "deviation_value": 2640.0,
                "unit": "rpm"
              },
              {
                "sensor_name": "temperature",
                "deviation_value": 70.0,
                "unit": "degC"
              }
            ],
            "pairwise_distances": [
              {
                "peer_edge_id": "edge-1",
                "sensor_name": "pressure",
                "distance_value": 3.4,
                "unit": "bar"
              },
              {
                "peer_edge_id": "edge-3",
                "sensor_name": "pressure",
                "distance_value": 8.4,
                "unit": "bar"
              },
              {
                "peer_edge_id": "edge-1",
                "sensor_name": "rpm",
                "distance_value": 1490.0,
                "unit": "rpm"
              },
              {
                "peer_edge_id": "edge-3",
                "sensor_name": "rpm",
                "distance_value": 3790.0,
                "unit": "rpm"
              },
              {
                "peer_edge_id": "edge-1",
                "sensor_name": "temperature",
                "distance_value": 40.0,
                "unit": "degC"
              },
              {
                "peer_edge_id": "edge-3",
                "sensor_name": "temperature",
                "distance_value": 100.0,
                "unit": "degC"
              }
            ]
          },
          {
            "edge_id": "edge-3",
            "score": 0.21,
            "compatible_peer_count": 0,
            "overall_normalized_deviation": 3.769,
            "sensor_deviations": [
              {
                "sensor_name": "pressure",
                "deviation_value": 6.7,
                "unit": "bar"
              },
              {
                "sensor_name": "rpm",
                "deviation_value": 3045.0,
                "unit": "rpm"
              },
              {
                "sensor_name": "temperature",
                "deviation_value": 80.0,
                "unit": "degC"
              }
            ],
            "pairwise_distances": [
              {
                "peer_edge_id": "edge-1",
                "sensor_name": "pressure",
                "distance_value": 5.0,
                "unit": "bar"
              },
              {
                "peer_edge_id": "edge-2",
                "sensor_name": "pressure",
                "distance_value": 8.4,
                "unit": "bar"
              },
              {
                "peer_edge_id": "edge-1",
                "sensor_name": "rpm",
                "distance_value": 2300.0,
                "unit": "rpm"
              },
              {
                "peer_edge_id": "edge-2",
                "sensor_name": "rpm",
                "distance_value": 3790.0,
                "unit": "rpm"
              },
              {
                "peer_edge_id": "edge-1",
                "sensor_name": "temperature",
                "distance_value": 60.0,
                "unit": "degC"
              },
              {
                "peer_edge_id": "edge-2",
                "sensor_name": "temperature",
                "distance_value": 100.0,
                "unit": "degC"
              }
            ]
          }
        ],
        "final_status": "failed_consensus",
        "consensused_valid_state": null
      }
    },
    "consensus_alert": {
      "compact": "round-20260403222907489478: alert=consensus_failed status=failed_consensus exclusions[edge-1:suspected_byzantine_behavior, edge-2:suspected_byzantine_behavior, edge-3:suspected_byzantine_behavior]",
      "detailed": "alert_type=consensus_failed\nround=round-20260403222907489478\nstatus=failed_consensus\nexcluded=edge-1 reason=suspected_byzantine_behavior detail=compatible_peers=0, overall_normalized_deviation=2.353, pressure:4.200bar(norm=1.400), rpm:1895.000rpm(norm=3.158), temperature:50.000degC(norm=2.500)\nexcluded=edge-2 reason=suspected_byzantine_behavior detail=compatible_peers=0, overall_normalized_deviation=3.289, pressure:5.900bar(norm=1.967), rpm:2640.000rpm(norm=4.400), temperature:70.000degC(norm=3.500)\nexcluded=edge-3 reason=suspected_byzantine_behavior detail=compatible_peers=0, overall_normalized_deviation=3.769, pressure:6.700bar(norm=2.233), rpm:3045.000rpm(norm=5.075), temperature:80.000degC(norm=4.000)\nevidence=edge-1 score=0.298 compatible_peers=0 overall_dev=2.353 deviations[pressure=4.200 bar, rpm=1895.000 rpm, temperature=50.000 degC] pairwise[edge-2:pressure=3.400 bar, edge-3:pressure=5.000 bar, edge-2:rpm=1490.000 rpm, edge-3:rpm=2300.000 rpm, edge-2:temperature=40.000 degC, edge-3:temperature=60.000 degC]\nevidence=edge-2 score=0.233 compatible_peers=0 overall_dev=3.289 deviations[pressure=5.900 bar, rpm=2640.000 rpm, temperature=70.000 degC] pairwise[edge-1:pressure=3.400 bar, edge-3:pressure=8.400 bar, edge-1:rpm=1490.000 rpm, edge-3:rpm=3790.000 rpm, edge-1:temperature=40.000 degC, edge-3:temperature=100.000 degC]\nevidence=edge-3 score=0.210 compatible_peers=0 overall_dev=3.769 deviations[pressure=6.700 bar, rpm=3045.000 rpm, temperature=80.000 degC] pairwise[edge-1:pressure=5.000 bar, edge-2:pressure=8.400 bar, edge-1:rpm=2300.000 rpm, edge-2:rpm=3790.000 rpm, edge-1:temperature=60.000 degC, edge-2:temperature=100.000 degC]",
      "structured": {
        "alert_type": "consensus_failed",
        "round_id": "round-20260403222907489478",
        "final_status": "failed_consensus",
        "exclusions": [
          {
            "edge_id": "edge-1",
            "reason": "suspected_byzantine_behavior",
            "detail": "compatible_peers=0, overall_normalized_deviation=2.353, pressure:4.200bar(norm=1.400), rpm:1895.000rpm(norm=3.158), temperature:50.000degC(norm=2.500)"
          },
          {
            "edge_id": "edge-2",
            "reason": "suspected_byzantine_behavior",
            "detail": "compatible_peers=0, overall_normalized_deviation=3.289, pressure:5.900bar(norm=1.967), rpm:2640.000rpm(norm=4.400), temperature:70.000degC(norm=3.500)"
          },
          {
            "edge_id": "edge-3",
            "reason": "suspected_byzantine_behavior",
            "detail": "compatible_peers=0, overall_normalized_deviation=3.769, pressure:6.700bar(norm=2.233), rpm:3045.000rpm(norm=5.075), temperature:80.000degC(norm=4.000)"
          }
        ],
        "trust_evidence": [
          {
            "edge_id": "edge-1",
            "score": 0.298,
            "compatible_peer_count": 0,
            "overall_normalized_deviation": 2.353,
            "sensor_deviations": [
              {
                "sensor_name": "pressure",
                "deviation_value": 4.2,
                "unit": "bar"
              },
              {
                "sensor_name": "rpm",
                "deviation_value": 1895.0,
                "unit": "rpm"
              },
              {
                "sensor_name": "temperature",
                "deviation_value": 50.0,
                "unit": "degC"
              }
            ],
            "pairwise_distances": [
              {
                "peer_edge_id": "edge-2",
                "sensor_name": "pressure",
                "distance_value": 3.4,
                "unit": "bar"
              },
              {
                "peer_edge_id": "edge-3",
                "sensor_name": "pressure",
                "distance_value": 5.0,
                "unit": "bar"
              },
              {
                "peer_edge_id": "edge-2",
                "sensor_name": "rpm",
                "distance_value": 1490.0,
                "unit": "rpm"
              },
              {
                "peer_edge_id": "edge-3",
                "sensor_name": "rpm",
                "distance_value": 2300.0,
                "unit": "rpm"
              },
              {
                "peer_edge_id": "edge-2",
                "sensor_name": "temperature",
                "distance_value": 40.0,
                "unit": "degC"
              },
              {
                "peer_edge_id": "edge-3",
                "sensor_name": "temperature",
                "distance_value": 60.0,
                "unit": "degC"
              }
            ]
          },
          {
            "edge_id": "edge-2",
            "score": 0.233,
            "compatible_peer_count": 0,
            "overall_normalized_deviation": 3.289,
            "sensor_deviations": [
              {
                "sensor_name": "pressure",
                "deviation_value": 5.9,
                "unit": "bar"
              },
              {
                "sensor_name": "rpm",
                "deviation_value": 2640.0,
                "unit": "rpm"
              },
              {
                "sensor_name": "temperature",
                "deviation_value": 70.0,
                "unit": "degC"
              }
            ],
            "pairwise_distances": [
              {
                "peer_edge_id": "edge-1",
                "sensor_name": "pressure",
                "distance_value": 3.4,
                "unit": "bar"
              },
              {
                "peer_edge_id": "edge-3",
                "sensor_name": "pressure",
                "distance_value": 8.4,
                "unit": "bar"
              },
              {
                "peer_edge_id": "edge-1",
                "sensor_name": "rpm",
                "distance_value": 1490.0,
                "unit": "rpm"
              },
              {
                "peer_edge_id": "edge-3",
                "sensor_name": "rpm",
                "distance_value": 3790.0,
                "unit": "rpm"
              },
              {
                "peer_edge_id": "edge-1",
                "sensor_name": "temperature",
                "distance_value": 40.0,
                "unit": "degC"
              },
              {
                "peer_edge_id": "edge-3",
                "sensor_name": "temperature",
                "distance_value": 100.0,
                "unit": "degC"
              }
            ]
          },
          {
            "edge_id": "edge-3",
            "score": 0.21,
            "compatible_peer_count": 0,
            "overall_normalized_deviation": 3.769,
            "sensor_deviations": [
              {
                "sensor_name": "pressure",
                "deviation_value": 6.7,
                "unit": "bar"
              },
              {
                "sensor_name": "rpm",
                "deviation_value": 3045.0,
                "unit": "rpm"
              },
              {
                "sensor_name": "temperature",
                "deviation_value": 80.0,
                "unit": "degC"
              }
            ],
            "pairwise_distances": [
              {
                "peer_edge_id": "edge-1",
                "sensor_name": "pressure",
                "distance_value": 5.0,
                "unit": "bar"
              },
              {
                "peer_edge_id": "edge-2",
                "sensor_name": "pressure",
                "distance_value": 8.4,
                "unit": "bar"
              },
              {
                "peer_edge_id": "edge-1",
                "sensor_name": "rpm",
                "distance_value": 2300.0,
                "unit": "rpm"
              },
              {
                "peer_edge_id": "edge-2",
                "sensor_name": "rpm",
                "distance_value": 3790.0,
                "unit": "rpm"
              },
              {
                "peer_edge_id": "edge-1",
                "sensor_name": "temperature",
                "distance_value": 60.0,
                "unit": "degC"
              },
              {
                "peer_edge_id": "edge-2",
                "sensor_name": "temperature",
                "distance_value": 100.0,
                "unit": "degC"
              }
            ]
          }
        ]
      }
    },
    "scada_state": null,
    "comparison_stage": {
      "status": "blocked",
      "reason": "no_quorum_reached",
      "compact": null,
      "blocked_by_stage": "consensus",
      "downstream_permitted": false,
      "operator_message": "No quorum was reached in distributed validation, so no trusted payload was produced and nothing was forwarded downstream.",
      "quorum_required": 2,
      "valid_participants_after_exclusions": 0
    },
    "comparison_output": {
      "compact": null,
      "structured": null
    },
    "scada_divergence_alert": {
      "compact": "none",
      "detailed": "scada_alert=none",
      "structured": null
    },
    "persistence_stage": {
      "status": "blocked",
      "backend": "minio",
      "endpoint": "localhost:9000",
      "host": "localhost",
      "port": 9000,
      "secure": false,
      "bucket": "qa-fullapp-quorum-20260403",
      "reason": "no_quorum_reached",
      "blocked_by_stage": "consensus",
      "downstream_permitted": false,
      "operator_message": "No quorum was reached in distributed validation, so no trusted payload was produced and nothing was forwarded downstream.",
      "write_confirmed": false
    },
    "edges": [
      {
        "edge_id": "edge-1",
        "summary": "edge-1: published=3 consumed=6 complete=True validated=False view[pressure=6.075, rpm=3186.012, temperature=76.835]",
        "runtime_state": {
          "edge_id": "edge-1",
          "sensor_name": "temperature",
          "acquisition_count": 3,
          "last_payload_timestamp": "2026-04-03T22:29:07.489478+00:00",
          "published_observation_count": 3,
          "peer_observation_count": 6
        },
        "replicated_state": {
          "state_type": "edge_local_replicated_state",
          "owner_edge_id": "edge-1",
          "is_validated": false,
          "is_complete": true,
          "sensor_values": {
            "temperature": 76.835,
            "rpm": 3186.012,
            "pressure": 6.075
          }
        },
        "observation_flow": [
          {
            "stage": "process_state_generation",
            "edge_id": "edge-1",
            "sensor_name": "temperature",
            "operating_state_pct": 65.0,
            "hidden_process_state": {
              "driver": "compressor_load_pct",
              "operating_state_pct": 65.0
            }
          },
          {
            "stage": "sensor_generation",
            "edge_id": "edge-1",
            "sensor_name": "temperature",
            "operating_state_pct": 65.0,
            "value": 78.949
          },
          {
            "stage": "transmitter_observation",
            "edge_id": "edge-1",
            "sensor_name": "temperature",
            "observation": {
              "sensor_name": "temperature",
              "operating_state_pct": 65.0,
              "pv": {
                "value": 78.949,
                "unit": "degC",
                "unit_code": 32,
                "description": "Process_Temperature"
              },
              "sv": {
                "value": 57.964,
                "unit": "degC",
                "unit_code": 32,
                "description": "Sensor_Body_Temperature"
              },
              "loop_current_ma": 14.536,
              "pv_percent_range": 65.849,
              "diagnostics": {
                "device_status_hex": "0x00",
                "field_device_malfunction": false,
                "loop_current_saturated": false
              }
            }
          },
          {
            "stage": "local_edge_acquisition",
            "edge_id": "edge-1",
            "sensor_name": "temperature",
            "payload_timestamp": "2026-04-03T22:29:07.087415+00:00",
            "pv_value": 78.949,
            "sv_present": true
          },
          {
            "stage": "edge_local_replicated_state",
            "edge_id": "edge-1",
            "state": {
              "state_type": "edge_local_replicated_state",
              "owner_edge_id": "edge-1",
              "is_validated": false,
              "is_complete": false,
              "sensor_values": {
                "temperature": 78.949
              }
            }
          },
          {
            "stage": "mqtt_publication",
            "edge_id": "edge-1",
            "topic": "edges/observations",
            "payload_timestamp": "2026-04-03T22:29:07.087415+00:00"
          },
          {
            "stage": "mqtt_consumption",
            "edge_id": "edge-1",
            "publisher_id": "edge-3",
            "source_tag": "RIT-101",
            "payload_timestamp": "2026-04-03T22:29:07.087861+00:00"
          },
          {
            "stage": "edge_local_replicated_state",
            "edge_id": "edge-1",
            "state": {
              "state_type": "edge_local_replicated_state",
              "owner_edge_id": "edge-1",
              "is_validated": false,
              "is_complete": false,
              "sensor_values": {
                "temperature": 78.949,
                "rpm": 3222.331
              }
            }
          },
          {
            "stage": "mqtt_consumption",
            "edge_id": "edge-1",
            "publisher_id": "edge-2",
            "source_tag": "PIT-101",
            "payload_timestamp": "2026-04-03T22:29:07.087704+00:00"
          },
          {
            "stage": "edge_local_replicated_state",
            "edge_id": "edge-1",
            "state": {
              "state_type": "edge_local_replicated_state",
              "owner_edge_id": "edge-1",
              "is_validated": false,
              "is_complete": true,
              "sensor_values": {
                "temperature": 78.949,
                "rpm": 3222.331,
                "pressure": 6.049
              }
            }
          },
          {
            "stage": "process_state_generation",
            "edge_id": "edge-1",
            "sensor_name": "temperature",
            "operating_state_pct": 65.0,
            "hidden_process_state": {
              "driver": "compressor_load_pct",
              "operating_state_pct": 65.0
            }
          },
          {
            "stage": "sensor_generation",
            "edge_id": "edge-1",
            "sensor_name": "temperature",
            "operating_state_pct": 65.0,
            "value": 81.615
          },
          {
            "stage": "transmitter_observation",
            "edge_id": "edge-1",
            "sensor_name": "temperature",
            "observation": {
              "sensor_name": "temperature",
              "operating_state_pct": 65.0,
              "pv": {
                "value": 81.615,
                "unit": "degC",
                "unit_code": 32,
                "description": "Process_Temperature"
              },
              "sv": {
                "value": 58.817,
                "unit": "degC",
                "unit_code": 32,
                "description": "Sensor_Body_Temperature"
              },
              "loop_current_ma": 15.443,
              "pv_percent_range": 71.521,
              "diagnostics": {
                "device_status_hex": "0x00",
                "field_device_malfunction": false,
                "loop_current_saturated": false
              }
            }
          },
          {
            "stage": "local_edge_acquisition",
            "edge_id": "edge-1",
            "sensor_name": "temperature",
            "payload_timestamp": "2026-04-03T22:29:07.288336+00:00",
            "pv_value": 81.615,
            "sv_present": true
          },
          {
            "stage": "edge_local_replicated_state",
            "edge_id": "edge-1",
            "state": {
              "state_type": "edge_local_replicated_state",
              "owner_edge_id": "edge-1",
              "is_validated": false,
              "is_complete": true,
              "sensor_values": {
                "temperature": 81.615,
                "rpm": 3222.331,
                "pressure": 6.049
              }
            }
          },
          {
            "stage": "mqtt_publication",
            "edge_id": "edge-1",
            "topic": "edges/observations",
            "payload_timestamp": "2026-04-03T22:29:07.288336+00:00"
          },
          {
            "stage": "mqtt_consumption",
            "edge_id": "edge-1",
            "publisher_id": "edge-2",
            "source_tag": "PIT-101",
            "payload_timestamp": "2026-04-03T22:29:07.288590+00:00"
          },
          {
            "stage": "edge_local_replicated_state",
            "edge_id": "edge-1",
            "state": {
              "state_type": "edge_local_replicated_state",
              "owner_edge_id": "edge-1",
              "is_validated": false,
              "is_complete": true,
              "sensor_values": {
                "temperature": 81.615,
                "rpm": 3222.331,
                "pressure": 6.191
              }
            }
          },
          {
            "stage": "mqtt_consumption",
            "edge_id": "edge-1",
            "publisher_id": "edge-3",
            "source_tag": "RIT-101",
            "payload_timestamp": "2026-04-03T22:29:07.288744+00:00"
          },
          {
            "stage": "edge_local_replicated_state",
            "edge_id": "edge-1",
            "state": {
              "state_type": "edge_local_replicated_state",
              "owner_edge_id": "edge-1",
              "is_validated": false,
              "is_complete": true,
              "sensor_values": {
                "temperature": 81.615,
                "rpm": 3209.068,
                "pressure": 6.191
              }
            }
          },
          {
            "stage": "process_state_generation",
            "edge_id": "edge-1",
            "sensor_name": "temperature",
            "operating_state_pct": 65.0,
            "hidden_process_state": {
              "driver": "compressor_load_pct",
              "operating_state_pct": 65.0
            }
          },
          {
            "stage": "sensor_generation",
            "edge_id": "edge-1",
            "sensor_name": "temperature",
            "operating_state_pct": 65.0,
            "value": 76.835
          },
          {
            "stage": "transmitter_observation",
            "edge_id": "edge-1",
            "sensor_name": "temperature",
            "observation": {
              "sensor_name": "temperature",
              "operating_state_pct": 65.0,
              "pv": {
                "value": 76.835,
                "unit": "degC",
                "unit_code": 32,
                "description": "Process_Temperature"
              },
              "sv": {
                "value": 57.287,
                "unit": "degC",
                "unit_code": 32,
                "description": "Sensor_Body_Temperature"
              },
              "loop_current_ma": 13.816,
              "pv_percent_range": 61.351,
              "diagnostics": {
                "device_status_hex": "0x00",
                "field_device_malfunction": false,
                "loop_current_saturated": false
              }
            }
          },
          {
            "stage": "local_edge_acquisition",
            "edge_id": "edge-1",
            "sensor_name": "temperature",
            "payload_timestamp": "2026-04-03T22:29:07.489478+00:00",
            "pv_value": 76.835,
            "sv_present": true
          },
          {
            "stage": "edge_local_replicated_state",
            "edge_id": "edge-1",
            "state": {
              "state_type": "edge_local_replicated_state",
              "owner_edge_id": "edge-1",
              "is_validated": false,
              "is_complete": true,
              "sensor_values": {
                "temperature": 76.835,
                "rpm": 3209.068,
                "pressure": 6.191
              }
            }
          },
          {
            "stage": "mqtt_publication",
            "edge_id": "edge-1",
            "topic": "edges/observations",
            "payload_timestamp": "2026-04-03T22:29:07.489478+00:00"
          },
          {
            "stage": "mqtt_consumption",
            "edge_id": "edge-1",
            "publisher_id": "edge-2",
            "source_tag": "PIT-101",
            "payload_timestamp": "2026-04-03T22:29:07.489713+00:00"
          },
          {
            "stage": "edge_local_replicated_state",
            "edge_id": "edge-1",
            "state": {
              "state_type": "edge_local_replicated_state",
              "owner_edge_id": "edge-1",
              "is_validated": false,
              "is_complete": true,
              "sensor_values": {
                "temperature": 76.835,
                "rpm": 3209.068,
                "pressure": 6.075
              }
            }
          },
          {
            "stage": "mqtt_consumption",
            "edge_id": "edge-1",
            "publisher_id": "edge-3",
            "source_tag": "RIT-101",
            "payload_timestamp": "2026-04-03T22:29:07.489834+00:00"
          },
          {
            "stage": "edge_local_replicated_state",
            "edge_id": "edge-1",
            "state": {
              "state_type": "edge_local_replicated_state",
              "owner_edge_id": "edge-1",
              "is_validated": false,
              "is_complete": true,
              "sensor_values": {
                "temperature": 76.835,
                "rpm": 3186.012,
                "pressure": 6.075
              }
            }
          }
        ]
      },
      {
        "edge_id": "edge-2",
        "summary": "edge-2: published=3 consumed=6 complete=True validated=False view[pressure=6.075, rpm=3186.012, temperature=76.835]",
        "runtime_state": {
          "edge_id": "edge-2",
          "sensor_name": "pressure",
          "acquisition_count": 3,
          "last_payload_timestamp": "2026-04-03T22:29:07.489713+00:00",
          "published_observation_count": 3,
          "peer_observation_count": 6
        },
        "replicated_state": {
          "state_type": "edge_local_replicated_state",
          "owner_edge_id": "edge-2",
          "is_validated": false,
          "is_complete": true,
          "sensor_values": {
            "pressure": 6.075,
            "rpm": 3186.012,
            "temperature": 76.835
          }
        },
        "observation_flow": [
          {
            "stage": "process_state_generation",
            "edge_id": "edge-2",
            "sensor_name": "pressure",
            "operating_state_pct": 65.0,
            "hidden_process_state": {
              "driver": "compressor_load_pct",
              "operating_state_pct": 65.0
            }
          },
          {
            "stage": "sensor_generation",
            "edge_id": "edge-2",
            "sensor_name": "pressure",
            "operating_state_pct": 65.0,
            "value": 6.049
          },
          {
            "stage": "transmitter_observation",
            "edge_id": "edge-2",
            "sensor_name": "pressure",
            "observation": {
              "sensor_name": "pressure",
              "operating_state_pct": 65.0,
              "pv": {
                "value": 6.049,
                "unit": "bar",
                "unit_code": 7,
                "description": "Process_Pressure"
              },
              "sv": {
                "value": 31.8,
                "unit": "degC",
                "unit_code": 32,
                "description": "Transmitter_Module_Temperature"
              },
              "loop_current_ma": 14.147,
              "pv_percent_range": 63.418,
              "diagnostics": {
                "device_status_hex": "0x00",
                "field_device_malfunction": false,
                "loop_current_saturated": false
              }
            }
          },
          {
            "stage": "local_edge_acquisition",
            "edge_id": "edge-2",
            "sensor_name": "pressure",
            "payload_timestamp": "2026-04-03T22:29:07.087704+00:00",
            "pv_value": 6.049,
            "sv_present": true
          },
          {
            "stage": "edge_local_replicated_state",
            "edge_id": "edge-2",
            "state": {
              "state_type": "edge_local_replicated_state",
              "owner_edge_id": "edge-2",
              "is_validated": false,
              "is_complete": false,
              "sensor_values": {
                "pressure": 6.049
              }
            }
          },
          {
            "stage": "mqtt_publication",
            "edge_id": "edge-2",
            "topic": "edges/observations",
            "payload_timestamp": "2026-04-03T22:29:07.087704+00:00"
          },
          {
            "stage": "mqtt_consumption",
            "edge_id": "edge-2",
            "publisher_id": "edge-3",
            "source_tag": "RIT-101",
            "payload_timestamp": "2026-04-03T22:29:07.087861+00:00"
          },
          {
            "stage": "edge_local_replicated_state",
            "edge_id": "edge-2",
            "state": {
              "state_type": "edge_local_replicated_state",
              "owner_edge_id": "edge-2",
              "is_validated": false,
              "is_complete": false,
              "sensor_values": {
                "pressure": 6.049,
                "rpm": 3222.331
              }
            }
          },
          {
            "stage": "mqtt_consumption",
            "edge_id": "edge-2",
            "publisher_id": "edge-1",
            "source_tag": "TIT-101",
            "payload_timestamp": "2026-04-03T22:29:07.087415+00:00"
          },
          {
            "stage": "edge_local_replicated_state",
            "edge_id": "edge-2",
            "state": {
              "state_type": "edge_local_replicated_state",
              "owner_edge_id": "edge-2",
              "is_validated": false,
              "is_complete": true,
              "sensor_values": {
                "pressure": 6.049,
                "rpm": 3222.331,
                "temperature": 78.949
              }
            }
          },
          {
            "stage": "process_state_generation",
            "edge_id": "edge-2",
            "sensor_name": "pressure",
            "operating_state_pct": 65.0,
            "hidden_process_state": {
              "driver": "compressor_load_pct",
              "operating_state_pct": 65.0
            }
          },
          {
            "stage": "sensor_generation",
            "edge_id": "edge-2",
            "sensor_name": "pressure",
            "operating_state_pct": 65.0,
            "value": 6.191
          },
          {
            "stage": "transmitter_observation",
            "edge_id": "edge-2",
            "sensor_name": "pressure",
            "observation": {
              "sensor_name": "pressure",
              "operating_state_pct": 65.0,
              "pv": {
                "value": 6.191,
                "unit": "bar",
                "unit_code": 7,
                "description": "Process_Pressure"
              },
              "sv": {
                "value": 32.2,
                "unit": "degC",
                "unit_code": 32,
                "description": "Transmitter_Module_Temperature"
              },
              "loop_current_ma": 14.486,
              "pv_percent_range": 65.537,
              "diagnostics": {
                "device_status_hex": "0x00",
                "field_device_malfunction": false,
                "loop_current_saturated": false
              }
            }
          },
          {
            "stage": "local_edge_acquisition",
            "edge_id": "edge-2",
            "sensor_name": "pressure",
            "payload_timestamp": "2026-04-03T22:29:07.288590+00:00",
            "pv_value": 6.191,
            "sv_present": true
          },
          {
            "stage": "edge_local_replicated_state",
            "edge_id": "edge-2",
            "state": {
              "state_type": "edge_local_replicated_state",
              "owner_edge_id": "edge-2",
              "is_validated": false,
              "is_complete": true,
              "sensor_values": {
                "pressure": 6.191,
                "rpm": 3222.331,
                "temperature": 78.949
              }
            }
          },
          {
            "stage": "mqtt_publication",
            "edge_id": "edge-2",
            "topic": "edges/observations",
            "payload_timestamp": "2026-04-03T22:29:07.288590+00:00"
          },
          {
            "stage": "mqtt_consumption",
            "edge_id": "edge-2",
            "publisher_id": "edge-1",
            "source_tag": "TIT-101",
            "payload_timestamp": "2026-04-03T22:29:07.288336+00:00"
          },
          {
            "stage": "edge_local_replicated_state",
            "edge_id": "edge-2",
            "state": {
              "state_type": "edge_local_replicated_state",
              "owner_edge_id": "edge-2",
              "is_validated": false,
              "is_complete": true,
              "sensor_values": {
                "pressure": 6.191,
                "rpm": 3222.331,
                "temperature": 81.615
              }
            }
          },
          {
            "stage": "mqtt_consumption",
            "edge_id": "edge-2",
            "publisher_id": "edge-3",
            "source_tag": "RIT-101",
            "payload_timestamp": "2026-04-03T22:29:07.288744+00:00"
          },
          {
            "stage": "edge_local_replicated_state",
            "edge_id": "edge-2",
            "state": {
              "state_type": "edge_local_replicated_state",
              "owner_edge_id": "edge-2",
              "is_validated": false,
              "is_complete": true,
              "sensor_values": {
                "pressure": 6.191,
                "rpm": 3209.068,
                "temperature": 81.615
              }
            }
          },
          {
            "stage": "process_state_generation",
            "edge_id": "edge-2",
            "sensor_name": "pressure",
            "operating_state_pct": 65.0,
            "hidden_process_state": {
              "driver": "compressor_load_pct",
              "operating_state_pct": 65.0
            }
          },
          {
            "stage": "sensor_generation",
            "edge_id": "edge-2",
            "sensor_name": "pressure",
            "operating_state_pct": 65.0,
            "value": 6.075
          },
          {
            "stage": "transmitter_observation",
            "edge_id": "edge-2",
            "sensor_name": "pressure",
            "observation": {
              "sensor_name": "pressure",
              "operating_state_pct": 65.0,
              "pv": {
                "value": 6.075,
                "unit": "bar",
                "unit_code": 7,
                "description": "Process_Pressure"
              },
              "sv": {
                "value": 32.6,
                "unit": "degC",
                "unit_code": 32,
                "description": "Transmitter_Module_Temperature"
              },
              "loop_current_ma": 14.209,
              "pv_percent_range": 63.806,
              "diagnostics": {
                "device_status_hex": "0x00",
                "field_device_malfunction": false,
                "loop_current_saturated": false
              }
            }
          },
          {
            "stage": "local_edge_acquisition",
            "edge_id": "edge-2",
            "sensor_name": "pressure",
            "payload_timestamp": "2026-04-03T22:29:07.489713+00:00",
            "pv_value": 6.075,
            "sv_present": true
          },
          {
            "stage": "edge_local_replicated_state",
            "edge_id": "edge-2",
            "state": {
              "state_type": "edge_local_replicated_state",
              "owner_edge_id": "edge-2",
              "is_validated": false,
              "is_complete": true,
              "sensor_values": {
                "pressure": 6.075,
                "rpm": 3209.068,
                "temperature": 81.615
              }
            }
          },
          {
            "stage": "mqtt_publication",
            "edge_id": "edge-2",
            "topic": "edges/observations",
            "payload_timestamp": "2026-04-03T22:29:07.489713+00:00"
          },
          {
            "stage": "mqtt_consumption",
            "edge_id": "edge-2",
            "publisher_id": "edge-3",
            "source_tag": "RIT-101",
            "payload_timestamp": "2026-04-03T22:29:07.489834+00:00"
          },
          {
            "stage": "edge_local_replicated_state",
            "edge_id": "edge-2",
            "state": {
              "state_type": "edge_local_replicated_state",
              "owner_edge_id": "edge-2",
              "is_validated": false,
              "is_complete": true,
              "sensor_values": {
                "pressure": 6.075,
                "rpm": 3186.012,
                "temperature": 81.615
              }
            }
          },
          {
            "stage": "mqtt_consumption",
            "edge_id": "edge-2",
            "publisher_id": "edge-1",
            "source_tag": "TIT-101",
            "payload_timestamp": "2026-04-03T22:29:07.489478+00:00"
          },
          {
            "stage": "edge_local_replicated_state",
            "edge_id": "edge-2",
            "state": {
              "state_type": "edge_local_replicated_state",
              "owner_edge_id": "edge-2",
              "is_validated": false,
              "is_complete": true,
              "sensor_values": {
                "pressure": 6.075,
                "rpm": 3186.012,
                "temperature": 76.835
              }
            }
          }
        ]
      },
      {
        "edge_id": "edge-3",
        "summary": "edge-3: published=3 consumed=6 complete=True validated=False view[pressure=6.075, rpm=3186.012, temperature=76.835]",
        "runtime_state": {
          "edge_id": "edge-3",
          "sensor_name": "rpm",
          "acquisition_count": 3,
          "last_payload_timestamp": "2026-04-03T22:29:07.489834+00:00",
          "published_observation_count": 3,
          "peer_observation_count": 6
        },
        "replicated_state": {
          "state_type": "edge_local_replicated_state",
          "owner_edge_id": "edge-3",
          "is_validated": false,
          "is_complete": true,
          "sensor_values": {
            "rpm": 3186.012,
            "pressure": 6.075,
            "temperature": 76.835
          }
        },
        "observation_flow": [
          {
            "stage": "process_state_generation",
            "edge_id": "edge-3",
            "sensor_name": "rpm",
            "operating_state_pct": 65.0,
            "hidden_process_state": {
              "driver": "compressor_load_pct",
              "operating_state_pct": 65.0
            }
          },
          {
            "stage": "sensor_generation",
            "edge_id": "edge-3",
            "sensor_name": "rpm",
            "operating_state_pct": 65.0,
            "value": 3222.331
          },
          {
            "stage": "transmitter_observation",
            "edge_id": "edge-3",
            "sensor_name": "rpm",
            "observation": {
              "sensor_name": "rpm",
              "operating_state_pct": 65.0,
              "pv": {
                "value": 3222.331,
                "unit": "rpm",
                "unit_code": null,
                "description": "Shaft_Speed"
              },
              "loop_current_ma": 14.786,
              "pv_percent_range": 67.411,
              "diagnostics": {
                "device_status_hex": "0x00",
                "field_device_malfunction": false,
                "loop_current_saturated": false
              }
            }
          },
          {
            "stage": "local_edge_acquisition",
            "edge_id": "edge-3",
            "sensor_name": "rpm",
            "payload_timestamp": "2026-04-03T22:29:07.087861+00:00",
            "pv_value": 3222.331,
            "sv_present": false
          },
          {
            "stage": "edge_local_replicated_state",
            "edge_id": "edge-3",
            "state": {
              "state_type": "edge_local_replicated_state",
              "owner_edge_id": "edge-3",
              "is_validated": false,
              "is_complete": false,
              "sensor_values": {
                "rpm": 3222.331
              }
            }
          },
          {
            "stage": "mqtt_publication",
            "edge_id": "edge-3",
            "topic": "edges/observations",
            "payload_timestamp": "2026-04-03T22:29:07.087861+00:00"
          },
          {
            "stage": "mqtt_consumption",
            "edge_id": "edge-3",
            "publisher_id": "edge-2",
            "source_tag": "PIT-101",
            "payload_timestamp": "2026-04-03T22:29:07.087704+00:00"
          },
          {
            "stage": "edge_local_replicated_state",
            "edge_id": "edge-3",
            "state": {
              "state_type": "edge_local_replicated_state",
              "owner_edge_id": "edge-3",
              "is_validated": false,
              "is_complete": false,
              "sensor_values": {
                "rpm": 3222.331,
                "pressure": 6.049
              }
            }
          },
          {
            "stage": "mqtt_consumption",
            "edge_id": "edge-3",
            "publisher_id": "edge-1",
            "source_tag": "TIT-101",
            "payload_timestamp": "2026-04-03T22:29:07.087415+00:00"
          },
          {
            "stage": "edge_local_replicated_state",
            "edge_id": "edge-3",
            "state": {
              "state_type": "edge_local_replicated_state",
              "owner_edge_id": "edge-3",
              "is_validated": false,
              "is_complete": true,
              "sensor_values": {
                "rpm": 3222.331,
                "pressure": 6.049,
                "temperature": 78.949
              }
            }
          },
          {
            "stage": "process_state_generation",
            "edge_id": "edge-3",
            "sensor_name": "rpm",
            "operating_state_pct": 65.0,
            "hidden_process_state": {
              "driver": "compressor_load_pct",
              "operating_state_pct": 65.0
            }
          },
          {
            "stage": "sensor_generation",
            "edge_id": "edge-3",
            "sensor_name": "rpm",
            "operating_state_pct": 65.0,
            "value": 3209.068
          },
          {
            "stage": "transmitter_observation",
            "edge_id": "edge-3",
            "sensor_name": "rpm",
            "observation": {
              "sensor_name": "rpm",
              "operating_state_pct": 65.0,
              "pv": {
                "value": 3209.068,
                "unit": "rpm",
                "unit_code": null,
                "description": "Shaft_Speed"
              },
              "loop_current_ma": 14.715,
              "pv_percent_range": 66.969,
              "diagnostics": {
                "device_status_hex": "0x00",
                "field_device_malfunction": false,
                "loop_current_saturated": false
              }
            }
          },
          {
            "stage": "local_edge_acquisition",
            "edge_id": "edge-3",
            "sensor_name": "rpm",
            "payload_timestamp": "2026-04-03T22:29:07.288744+00:00",
            "pv_value": 3209.068,
            "sv_present": false
          },
          {
            "stage": "edge_local_replicated_state",
            "edge_id": "edge-3",
            "state": {
              "state_type": "edge_local_replicated_state",
              "owner_edge_id": "edge-3",
              "is_validated": false,
              "is_complete": true,
              "sensor_values": {
                "rpm": 3209.068,
                "pressure": 6.049,
                "temperature": 78.949
              }
            }
          },
          {
            "stage": "mqtt_publication",
            "edge_id": "edge-3",
            "topic": "edges/observations",
            "payload_timestamp": "2026-04-03T22:29:07.288744+00:00"
          },
          {
            "stage": "mqtt_consumption",
            "edge_id": "edge-3",
            "publisher_id": "edge-1",
            "source_tag": "TIT-101",
            "payload_timestamp": "2026-04-03T22:29:07.288336+00:00"
          },
          {
            "stage": "edge_local_replicated_state",
            "edge_id": "edge-3",
            "state": {
              "state_type": "edge_local_replicated_state",
              "owner_edge_id": "edge-3",
              "is_validated": false,
              "is_complete": true,
              "sensor_values": {
                "rpm": 3209.068,
                "pressure": 6.049,
                "temperature": 81.615
              }
            }
          },
          {
            "stage": "mqtt_consumption",
            "edge_id": "edge-3",
            "publisher_id": "edge-2",
            "source_tag": "PIT-101",
            "payload_timestamp": "2026-04-03T22:29:07.288590+00:00"
          },
          {
            "stage": "edge_local_replicated_state",
            "edge_id": "edge-3",
            "state": {
              "state_type": "edge_local_replicated_state",
              "owner_edge_id": "edge-3",
              "is_validated": false,
              "is_complete": true,
              "sensor_values": {
                "rpm": 3209.068,
                "pressure": 6.191,
                "temperature": 81.615
              }
            }
          },
          {
            "stage": "process_state_generation",
            "edge_id": "edge-3",
            "sensor_name": "rpm",
            "operating_state_pct": 65.0,
            "hidden_process_state": {
              "driver": "compressor_load_pct",
              "operating_state_pct": 65.0
            }
          },
          {
            "stage": "sensor_generation",
            "edge_id": "edge-3",
            "sensor_name": "rpm",
            "operating_state_pct": 65.0,
            "value": 3186.012
          },
          {
            "stage": "transmitter_observation",
            "edge_id": "edge-3",
            "sensor_name": "rpm",
            "observation": {
              "sensor_name": "rpm",
              "operating_state_pct": 65.0,
              "pv": {
                "value": 3186.012,
                "unit": "rpm",
                "unit_code": null,
                "description": "Shaft_Speed"
              },
              "loop_current_ma": 14.592,
              "pv_percent_range": 66.2,
              "diagnostics": {
                "device_status_hex": "0x00",
                "field_device_malfunction": false,
                "loop_current_saturated": false
              }
            }
          },
          {
            "stage": "local_edge_acquisition",
            "edge_id": "edge-3",
            "sensor_name": "rpm",
            "payload_timestamp": "2026-04-03T22:29:07.489834+00:00",
            "pv_value": 3186.012,
            "sv_present": false
          },
          {
            "stage": "edge_local_replicated_state",
            "edge_id": "edge-3",
            "state": {
              "state_type": "edge_local_replicated_state",
              "owner_edge_id": "edge-3",
              "is_validated": false,
              "is_complete": true,
              "sensor_values": {
                "rpm": 3186.012,
                "pressure": 6.191,
                "temperature": 81.615
              }
            }
          },
          {
            "stage": "mqtt_publication",
            "edge_id": "edge-3",
            "topic": "edges/observations",
            "payload_timestamp": "2026-04-03T22:29:07.489834+00:00"
          },
          {
            "stage": "mqtt_consumption",
            "edge_id": "edge-3",
            "publisher_id": "edge-2",
            "source_tag": "PIT-101",
            "payload_timestamp": "2026-04-03T22:29:07.489713+00:00"
          },
          {
            "stage": "edge_local_replicated_state",
            "edge_id": "edge-3",
            "state": {
              "state_type": "edge_local_replicated_state",
              "owner_edge_id": "edge-3",
              "is_validated": false,
              "is_complete": true,
              "sensor_values": {
                "rpm": 3186.012,
                "pressure": 6.075,
                "temperature": 81.615
              }
            }
          },
          {
            "stage": "mqtt_consumption",
            "edge_id": "edge-3",
            "publisher_id": "edge-1",
            "source_tag": "TIT-101",
            "payload_timestamp": "2026-04-03T22:29:07.489478+00:00"
          },
          {
            "stage": "edge_local_replicated_state",
            "edge_id": "edge-3",
            "state": {
              "state_type": "edge_local_replicated_state",
              "owner_edge_id": "edge-3",
              "is_validated": false,
              "is_complete": true,
              "sensor_values": {
                "rpm": 3186.012,
                "pressure": 6.075,
                "temperature": 76.835
              }
            }
          }
        ]
      }
    ]
  }
}