{
  "demo": {
    "mqtt_transport": "passive",
    "mqtt_topic": "edges/observations",
    "fault_mode": "quorum_loss",
    "faulty_edges": [
      "edge-2",
      "edge-3"
    ],
    "log_path": "logs/run_local_demo.log"
  },
  "cometbft": {
    "node_version": "0.39.0",
    "latest_block_height": "275",
    "committed_height": 276,
    "tx_hash": "1C37E69B9D10EC2A095375AB7167AB10D175E9C80860C265A5DB350704F8B86F",
    "check_tx_code": 0,
    "deliver_tx_code": 0
  },
  "consensus_summary": {
    "round_id": "round-20260328131334813222",
    "total_participants": 3,
    "quorum_required": 2,
    "valid_participants_after_exclusions": 0,
    "excluded_edge_ids": [
      "edge-1",
      "edge-2",
      "edge-3"
    ],
    "exclusion_reasons": [
      "suspected_byzantine_behavior",
      "suspected_byzantine_behavior",
      "suspected_byzantine_behavior"
    ],
    "excluded_edges": [
      {
        "edge_id": "edge-1",
        "reason": "suspected_byzantine_behavior",
        "detail": "compatible_peers=0, overall_normalized_deviation=2.353, pressure:4.200bar(norm=1.400), rpm:1895.000rpm(norm=3.158), temperature:50.000degC(norm=2.500)"
      },
      {
        "edge_id": "edge-2",
        "reason": "suspected_byzantine_behavior",
        "detail": "compatible_peers=0, overall_normalized_deviation=3.289, pressure:5.900bar(norm=1.967), rpm:2640.000rpm(norm=4.400), temperature:70.000degC(norm=3.500)"
      },
      {
        "edge_id": "edge-3",
        "reason": "suspected_byzantine_behavior",
        "detail": "compatible_peers=0, overall_normalized_deviation=3.769, pressure:6.700bar(norm=2.233), rpm:3045.000rpm(norm=5.075), temperature:80.000degC(norm=4.000)"
      }
    ],
    "final_consensus_status": "failed_consensus",
    "has_consensused_valid_state": false
  },
  "committed_round_state": {
    "round_id": "round-20260328131334813222",
    "window_started_at": "2026-03-28T13:12:34.813222+00:00",
    "window_ended_at": "2026-03-28T13:13:34.813222+00:00",
    "participating_edges": [
      "edge-1",
      "edge-2",
      "edge-3"
    ],
    "replicated_states": [
      {
        "owner_edge_id": "edge-1",
        "sensor_values": {
          "pressure": {
            "value": 6.206,
            "unit": "bar"
          },
          "rpm": {
            "value": 3245.581,
            "unit": "rpm"
          },
          "temperature": {
            "value": 77.726,
            "unit": "degC"
          }
        }
      },
      {
        "owner_edge_id": "edge-2",
        "sensor_values": {
          "pressure": {
            "value": 9.606,
            "unit": "bar"
          },
          "rpm": {
            "value": 4735.581,
            "unit": "rpm"
          },
          "temperature": {
            "value": 117.726,
            "unit": "degC"
          }
        }
      },
      {
        "owner_edge_id": "edge-3",
        "sensor_values": {
          "pressure": {
            "value": 1.206,
            "unit": "bar"
          },
          "rpm": {
            "value": 945.581,
            "unit": "rpm"
          },
          "temperature": {
            "value": 17.726,
            "unit": "degC"
          }
        }
      }
    ],
    "trust_ranking": [
      {
        "edge_id": "edge-1",
        "score": 0.298
      },
      {
        "edge_id": "edge-2",
        "score": 0.233
      },
      {
        "edge_id": "edge-3",
        "score": 0.21
      }
    ],
    "exclusions": [
      {
        "edge_id": "edge-1",
        "reason": "suspected_byzantine_behavior",
        "detail": "compatible_peers=0, overall_normalized_deviation=2.353, pressure:4.200bar(norm=1.400), rpm:1895.000rpm(norm=3.158), temperature:50.000degC(norm=2.500)"
      },
      {
        "edge_id": "edge-2",
        "reason": "suspected_byzantine_behavior",
        "detail": "compatible_peers=0, overall_normalized_deviation=3.289, pressure:5.900bar(norm=1.967), rpm:2640.000rpm(norm=4.400), temperature:70.000degC(norm=3.500)"
      },
      {
        "edge_id": "edge-3",
        "reason": "suspected_byzantine_behavior",
        "detail": "compatible_peers=0, overall_normalized_deviation=3.769, pressure:6.700bar(norm=2.233), rpm:3045.000rpm(norm=5.075), temperature:80.000degC(norm=4.000)"
      }
    ],
    "trust_evidence": [
      {
        "edge_id": "edge-1",
        "score": 0.298,
        "compatible_peer_count": 0,
        "overall_normalized_deviation": 2.353,
        "sensor_deviations": [
          {
            "sensor_name": "pressure",
            "deviation_value": 4.2,
            "unit": "bar"
          },
          {
            "sensor_name": "rpm",
            "deviation_value": 1895,
            "unit": "rpm"
          },
          {
            "sensor_name": "temperature",
            "deviation_value": 50,
            "unit": "degC"
          }
        ],
        "pairwise_distances": [
          {
            "peer_edge_id": "edge-2",
            "sensor_name": "pressure",
            "distance_value": 3.4,
            "unit": "bar"
          },
          {
            "peer_edge_id": "edge-3",
            "sensor_name": "pressure",
            "distance_value": 5,
            "unit": "bar"
          },
          {
            "peer_edge_id": "edge-2",
            "sensor_name": "rpm",
            "distance_value": 1490,
            "unit": "rpm"
          },
          {
            "peer_edge_id": "edge-3",
            "sensor_name": "rpm",
            "distance_value": 2300,
            "unit": "rpm"
          },
          {
            "peer_edge_id": "edge-2",
            "sensor_name": "temperature",
            "distance_value": 40,
            "unit": "degC"
          },
          {
            "peer_edge_id": "edge-3",
            "sensor_name": "temperature",
            "distance_value": 60,
            "unit": "degC"
          }
        ]
      },
      {
        "edge_id": "edge-2",
        "score": 0.233,
        "compatible_peer_count": 0,
        "overall_normalized_deviation": 3.289,
        "sensor_deviations": [
          {
            "sensor_name": "pressure",
            "deviation_value": 5.9,
            "unit": "bar"
          },
          {
            "sensor_name": "rpm",
            "deviation_value": 2640,
            "unit": "rpm"
          },
          {
            "sensor_name": "temperature",
            "deviation_value": 70,
            "unit": "degC"
          }
        ],
        "pairwise_distances": [
          {
            "peer_edge_id": "edge-1",
            "sensor_name": "pressure",
            "distance_value": 3.4,
            "unit": "bar"
          },
          {
            "peer_edge_id": "edge-3",
            "sensor_name": "pressure",
            "distance_value": 8.4,
            "unit": "bar"
          },
          {
            "peer_edge_id": "edge-1",
            "sensor_name": "rpm",
            "distance_value": 1490,
            "unit": "rpm"
          },
          {
            "peer_edge_id": "edge-3",
            "sensor_name": "rpm",
            "distance_value": 3790,
            "unit": "rpm"
          },
          {
            "peer_edge_id": "edge-1",
            "sensor_name": "temperature",
            "distance_value": 40,
            "unit": "degC"
          },
          {
            "peer_edge_id": "edge-3",
            "sensor_name": "temperature",
            "distance_value": 100,
            "unit": "degC"
          }
        ]
      },
      {
        "edge_id": "edge-3",
        "score": 0.21,
        "compatible_peer_count": 0,
        "overall_normalized_deviation": 3.769,
        "sensor_deviations": [
          {
            "sensor_name": "pressure",
            "deviation_value": 6.7,
            "unit": "bar"
          },
          {
            "sensor_name": "rpm",
            "deviation_value": 3045,
            "unit": "rpm"
          },
          {
            "sensor_name": "temperature",
            "deviation_value": 80,
            "unit": "degC"
          }
        ],
        "pairwise_distances": [
          {
            "peer_edge_id": "edge-1",
            "sensor_name": "pressure",
            "distance_value": 5,
            "unit": "bar"
          },
          {
            "peer_edge_id": "edge-2",
            "sensor_name": "pressure",
            "distance_value": 8.4,
            "unit": "bar"
          },
          {
            "peer_edge_id": "edge-1",
            "sensor_name": "rpm",
            "distance_value": 2300,
            "unit": "rpm"
          },
          {
            "peer_edge_id": "edge-2",
            "sensor_name": "rpm",
            "distance_value": 3790,
            "unit": "rpm"
          },
          {
            "peer_edge_id": "edge-1",
            "sensor_name": "temperature",
            "distance_value": 60,
            "unit": "degC"
          },
          {
            "peer_edge_id": "edge-2",
            "sensor_name": "temperature",
            "distance_value": 100,
            "unit": "degC"
          }
        ]
      }
    ],
    "final_status": "failed_consensus",
    "consensused_valid_state": null,
    "commit_height": 276
  },
  "consensus_log": {
    "compact": "round-20260328131334813222: status=failed_consensus participants=3 excluded=3 exclusions[edge-1:suspected_byzantine_behavior, edge-2:suspected_byzantine_behavior, edge-3:suspected_byzantine_behavior]",
    "detailed": "round=round-20260328131334813222\nstatus=failed_consensus\nparticipants=edge-1, edge-2, edge-3\nedge=edge-1 score=0.298 compatible_peers=0 overall_dev=2.353 deviations[pressure=4.200 bar, rpm=1895.000 rpm, temperature=50.000 degC] pairwise[edge-2:pressure=3.400 bar, edge-3:pressure=5.000 bar, edge-2:rpm=1490.000 rpm, edge-3:rpm=2300.000 rpm, edge-2:temperature=40.000 degC, edge-3:temperature=60.000 degC]\nedge=edge-2 score=0.233 compatible_peers=0 overall_dev=3.289 deviations[pressure=5.900 bar, rpm=2640.000 rpm, temperature=70.000 degC] pairwise[edge-1:pressure=3.400 bar, edge-3:pressure=8.400 bar, edge-1:rpm=1490.000 rpm, edge-3:rpm=3790.000 rpm, edge-1:temperature=40.000 degC, edge-3:temperature=100.000 degC]\nedge=edge-3 score=0.210 compatible_peers=0 overall_dev=3.769 deviations[pressure=6.700 bar, rpm=3045.000 rpm, temperature=80.000 degC] pairwise[edge-1:pressure=5.000 bar, edge-2:pressure=8.400 bar, edge-1:rpm=2300.000 rpm, edge-2:rpm=3790.000 rpm, edge-1:temperature=60.000 degC, edge-2:temperature=100.000 degC]\nexcluded=edge-1 reason=suspected_byzantine_behavior detail=compatible_peers=0, overall_normalized_deviation=2.353, pressure:4.200bar(norm=1.400), rpm:1895.000rpm(norm=3.158), temperature:50.000degC(norm=2.500)\nexcluded=edge-2 reason=suspected_byzantine_behavior detail=compatible_peers=0, overall_normalized_deviation=3.289, pressure:5.900bar(norm=1.967), rpm:2640.000rpm(norm=4.400), temperature:70.000degC(norm=3.500)\nexcluded=edge-3 reason=suspected_byzantine_behavior detail=compatible_peers=0, overall_normalized_deviation=3.769, pressure:6.700bar(norm=2.233), rpm:3045.000rpm(norm=5.075), temperature:80.000degC(norm=4.000)\nconsensused_valid_state=absent",
    "structured": {
      "round_id": "round-20260328131334813222",
      "window_started_at": "2026-03-28T13:12:34.813222+00:00",
      "window_ended_at": "2026-03-28T13:13:34.813222+00:00",
      "participating_edges": [
        "edge-1",
        "edge-2",
        "edge-3"
      ],
      "trust_ranking": [
        {
          "edge_id": "edge-1",
          "score": 0.298
        },
        {
          "edge_id": "edge-2",
          "score": 0.233
        },
        {
          "edge_id": "edge-3",
          "score": 0.21
        }
      ],
      "exclusions": [
        {
          "edge_id": "edge-1",
          "reason": "suspected_byzantine_behavior",
          "detail": "compatible_peers=0, overall_normalized_deviation=2.353, pressure:4.200bar(norm=1.400), rpm:1895.000rpm(norm=3.158), temperature:50.000degC(norm=2.500)"
        },
        {
          "edge_id": "edge-2",
          "reason": "suspected_byzantine_behavior",
          "detail": "compatible_peers=0, overall_normalized_deviation=3.289, pressure:5.900bar(norm=1.967), rpm:2640.000rpm(norm=4.400), temperature:70.000degC(norm=3.500)"
        },
        {
          "edge_id": "edge-3",
          "reason": "suspected_byzantine_behavior",
          "detail": "compatible_peers=0, overall_normalized_deviation=3.769, pressure:6.700bar(norm=2.233), rpm:3045.000rpm(norm=5.075), temperature:80.000degC(norm=4.000)"
        }
      ],
      "trust_evidence": [
        {
          "edge_id": "edge-1",
          "score": 0.298,
          "compatible_peer_count": 0,
          "overall_normalized_deviation": 2.353,
          "sensor_deviations": [
            {
              "sensor_name": "pressure",
              "deviation_value": 4.2,
              "unit": "bar"
            },
            {
              "sensor_name": "rpm",
              "deviation_value": 1895.0,
              "unit": "rpm"
            },
            {
              "sensor_name": "temperature",
              "deviation_value": 50.0,
              "unit": "degC"
            }
          ],
          "pairwise_distances": [
            {
              "peer_edge_id": "edge-2",
              "sensor_name": "pressure",
              "distance_value": 3.4,
              "unit": "bar"
            },
            {
              "peer_edge_id": "edge-3",
              "sensor_name": "pressure",
              "distance_value": 5.0,
              "unit": "bar"
            },
            {
              "peer_edge_id": "edge-2",
              "sensor_name": "rpm",
              "distance_value": 1490.0,
              "unit": "rpm"
            },
            {
              "peer_edge_id": "edge-3",
              "sensor_name": "rpm",
              "distance_value": 2300.0,
              "unit": "rpm"
            },
            {
              "peer_edge_id": "edge-2",
              "sensor_name": "temperature",
              "distance_value": 40.0,
              "unit": "degC"
            },
            {
              "peer_edge_id": "edge-3",
              "sensor_name": "temperature",
              "distance_value": 60.0,
              "unit": "degC"
            }
          ]
        },
        {
          "edge_id": "edge-2",
          "score": 0.233,
          "compatible_peer_count": 0,
          "overall_normalized_deviation": 3.289,
          "sensor_deviations": [
            {
              "sensor_name": "pressure",
              "deviation_value": 5.9,
              "unit": "bar"
            },
            {
              "sensor_name": "rpm",
              "deviation_value": 2640.0,
              "unit": "rpm"
            },
            {
              "sensor_name": "temperature",
              "deviation_value": 70.0,
              "unit": "degC"
            }
          ],
          "pairwise_distances": [
            {
              "peer_edge_id": "edge-1",
              "sensor_name": "pressure",
              "distance_value": 3.4,
              "unit": "bar"
            },
            {
              "peer_edge_id": "edge-3",
              "sensor_name": "pressure",
              "distance_value": 8.4,
              "unit": "bar"
            },
            {
              "peer_edge_id": "edge-1",
              "sensor_name": "rpm",
              "distance_value": 1490.0,
              "unit": "rpm"
            },
            {
              "peer_edge_id": "edge-3",
              "sensor_name": "rpm",
              "distance_value": 3790.0,
              "unit": "rpm"
            },
            {
              "peer_edge_id": "edge-1",
              "sensor_name": "temperature",
              "distance_value": 40.0,
              "unit": "degC"
            },
            {
              "peer_edge_id": "edge-3",
              "sensor_name": "temperature",
              "distance_value": 100.0,
              "unit": "degC"
            }
          ]
        },
        {
          "edge_id": "edge-3",
          "score": 0.21,
          "compatible_peer_count": 0,
          "overall_normalized_deviation": 3.769,
          "sensor_deviations": [
            {
              "sensor_name": "pressure",
              "deviation_value": 6.7,
              "unit": "bar"
            },
            {
              "sensor_name": "rpm",
              "deviation_value": 3045.0,
              "unit": "rpm"
            },
            {
              "sensor_name": "temperature",
              "deviation_value": 80.0,
              "unit": "degC"
            }
          ],
          "pairwise_distances": [
            {
              "peer_edge_id": "edge-1",
              "sensor_name": "pressure",
              "distance_value": 5.0,
              "unit": "bar"
            },
            {
              "peer_edge_id": "edge-2",
              "sensor_name": "pressure",
              "distance_value": 8.4,
              "unit": "bar"
            },
            {
              "peer_edge_id": "edge-1",
              "sensor_name": "rpm",
              "distance_value": 2300.0,
              "unit": "rpm"
            },
            {
              "peer_edge_id": "edge-2",
              "sensor_name": "rpm",
              "distance_value": 3790.0,
              "unit": "rpm"
            },
            {
              "peer_edge_id": "edge-1",
              "sensor_name": "temperature",
              "distance_value": 60.0,
              "unit": "degC"
            },
            {
              "peer_edge_id": "edge-2",
              "sensor_name": "temperature",
              "distance_value": 100.0,
              "unit": "degC"
            }
          ]
        }
      ],
      "final_status": "failed_consensus",
      "consensused_valid_state": null
    }
  },
  "consensus_alert": {
    "compact": "round-20260328131334813222: alert=consensus_failed status=failed_consensus exclusions[edge-1:suspected_byzantine_behavior, edge-2:suspected_byzantine_behavior, edge-3:suspected_byzantine_behavior]",
    "detailed": "alert_type=consensus_failed\nround=round-20260328131334813222\nstatus=failed_consensus\nexcluded=edge-1 reason=suspected_byzantine_behavior detail=compatible_peers=0, overall_normalized_deviation=2.353, pressure:4.200bar(norm=1.400), rpm:1895.000rpm(norm=3.158), temperature:50.000degC(norm=2.500)\nexcluded=edge-2 reason=suspected_byzantine_behavior detail=compatible_peers=0, overall_normalized_deviation=3.289, pressure:5.900bar(norm=1.967), rpm:2640.000rpm(norm=4.400), temperature:70.000degC(norm=3.500)\nexcluded=edge-3 reason=suspected_byzantine_behavior detail=compatible_peers=0, overall_normalized_deviation=3.769, pressure:6.700bar(norm=2.233), rpm:3045.000rpm(norm=5.075), temperature:80.000degC(norm=4.000)\nevidence=edge-1 score=0.298 compatible_peers=0 overall_dev=2.353 deviations[pressure=4.200 bar, rpm=1895.000 rpm, temperature=50.000 degC] pairwise[edge-2:pressure=3.400 bar, edge-3:pressure=5.000 bar, edge-2:rpm=1490.000 rpm, edge-3:rpm=2300.000 rpm, edge-2:temperature=40.000 degC, edge-3:temperature=60.000 degC]\nevidence=edge-2 score=0.233 compatible_peers=0 overall_dev=3.289 deviations[pressure=5.900 bar, rpm=2640.000 rpm, temperature=70.000 degC] pairwise[edge-1:pressure=3.400 bar, edge-3:pressure=8.400 bar, edge-1:rpm=1490.000 rpm, edge-3:rpm=3790.000 rpm, edge-1:temperature=40.000 degC, edge-3:temperature=100.000 degC]\nevidence=edge-3 score=0.210 compatible_peers=0 overall_dev=3.769 deviations[pressure=6.700 bar, rpm=3045.000 rpm, temperature=80.000 degC] pairwise[edge-1:pressure=5.000 bar, edge-2:pressure=8.400 bar, edge-1:rpm=2300.000 rpm, edge-2:rpm=3790.000 rpm, edge-1:temperature=60.000 degC, edge-2:temperature=100.000 degC]",
    "structured": {
      "alert_type": "consensus_failed",
      "round_id": "round-20260328131334813222",
      "final_status": "failed_consensus",
      "exclusions": [
        {
          "edge_id": "edge-1",
          "reason": "suspected_byzantine_behavior",
          "detail": "compatible_peers=0, overall_normalized_deviation=2.353, pressure:4.200bar(norm=1.400), rpm:1895.000rpm(norm=3.158), temperature:50.000degC(norm=2.500)"
        },
        {
          "edge_id": "edge-2",
          "reason": "suspected_byzantine_behavior",
          "detail": "compatible_peers=0, overall_normalized_deviation=3.289, pressure:5.900bar(norm=1.967), rpm:2640.000rpm(norm=4.400), temperature:70.000degC(norm=3.500)"
        },
        {
          "edge_id": "edge-3",
          "reason": "suspected_byzantine_behavior",
          "detail": "compatible_peers=0, overall_normalized_deviation=3.769, pressure:6.700bar(norm=2.233), rpm:3045.000rpm(norm=5.075), temperature:80.000degC(norm=4.000)"
        }
      ],
      "trust_evidence": [
        {
          "edge_id": "edge-1",
          "score": 0.298,
          "compatible_peer_count": 0,
          "overall_normalized_deviation": 2.353,
          "sensor_deviations": [
            {
              "sensor_name": "pressure",
              "deviation_value": 4.2,
              "unit": "bar"
            },
            {
              "sensor_name": "rpm",
              "deviation_value": 1895.0,
              "unit": "rpm"
            },
            {
              "sensor_name": "temperature",
              "deviation_value": 50.0,
              "unit": "degC"
            }
          ],
          "pairwise_distances": [
            {
              "peer_edge_id": "edge-2",
              "sensor_name": "pressure",
              "distance_value": 3.4,
              "unit": "bar"
            },
            {
              "peer_edge_id": "edge-3",
              "sensor_name": "pressure",
              "distance_value": 5.0,
              "unit": "bar"
            },
            {
              "peer_edge_id": "edge-2",
              "sensor_name": "rpm",
              "distance_value": 1490.0,
              "unit": "rpm"
            },
            {
              "peer_edge_id": "edge-3",
              "sensor_name": "rpm",
              "distance_value": 2300.0,
              "unit": "rpm"
            },
            {
              "peer_edge_id": "edge-2",
              "sensor_name": "temperature",
              "distance_value": 40.0,
              "unit": "degC"
            },
            {
              "peer_edge_id": "edge-3",
              "sensor_name": "temperature",
              "distance_value": 60.0,
              "unit": "degC"
            }
          ]
        },
        {
          "edge_id": "edge-2",
          "score": 0.233,
          "compatible_peer_count": 0,
          "overall_normalized_deviation": 3.289,
          "sensor_deviations": [
            {
              "sensor_name": "pressure",
              "deviation_value": 5.9,
              "unit": "bar"
            },
            {
              "sensor_name": "rpm",
              "deviation_value": 2640.0,
              "unit": "rpm"
            },
            {
              "sensor_name": "temperature",
              "deviation_value": 70.0,
              "unit": "degC"
            }
          ],
          "pairwise_distances": [
            {
              "peer_edge_id": "edge-1",
              "sensor_name": "pressure",
              "distance_value": 3.4,
              "unit": "bar"
            },
            {
              "peer_edge_id": "edge-3",
              "sensor_name": "pressure",
              "distance_value": 8.4,
              "unit": "bar"
            },
            {
              "peer_edge_id": "edge-1",
              "sensor_name": "rpm",
              "distance_value": 1490.0,
              "unit": "rpm"
            },
            {
              "peer_edge_id": "edge-3",
              "sensor_name": "rpm",
              "distance_value": 3790.0,
              "unit": "rpm"
            },
            {
              "peer_edge_id": "edge-1",
              "sensor_name": "temperature",
              "distance_value": 40.0,
              "unit": "degC"
            },
            {
              "peer_edge_id": "edge-3",
              "sensor_name": "temperature",
              "distance_value": 100.0,
              "unit": "degC"
            }
          ]
        },
        {
          "edge_id": "edge-3",
          "score": 0.21,
          "compatible_peer_count": 0,
          "overall_normalized_deviation": 3.769,
          "sensor_deviations": [
            {
              "sensor_name": "pressure",
              "deviation_value": 6.7,
              "unit": "bar"
            },
            {
              "sensor_name": "rpm",
              "deviation_value": 3045.0,
              "unit": "rpm"
            },
            {
              "sensor_name": "temperature",
              "deviation_value": 80.0,
              "unit": "degC"
            }
          ],
          "pairwise_distances": [
            {
              "peer_edge_id": "edge-1",
              "sensor_name": "pressure",
              "distance_value": 5.0,
              "unit": "bar"
            },
            {
              "peer_edge_id": "edge-2",
              "sensor_name": "pressure",
              "distance_value": 8.4,
              "unit": "bar"
            },
            {
              "peer_edge_id": "edge-1",
              "sensor_name": "rpm",
              "distance_value": 2300.0,
              "unit": "rpm"
            },
            {
              "peer_edge_id": "edge-2",
              "sensor_name": "rpm",
              "distance_value": 3790.0,
              "unit": "rpm"
            },
            {
              "peer_edge_id": "edge-1",
              "sensor_name": "temperature",
              "distance_value": 60.0,
              "unit": "degC"
            },
            {
              "peer_edge_id": "edge-2",
              "sensor_name": "temperature",
              "distance_value": 100.0,
              "unit": "degC"
            }
          ]
        }
      ]
    }
  },
  "edges": [
    {
      "edge_id": "edge-1",
      "summary": "edge-1: published=3 consumed=6 complete=True validated=False view[pressure=6.206, rpm=3245.581, temperature=77.726]",
      "runtime_state": {
        "edge_id": "edge-1",
        "sensor_name": "temperature",
        "acquisition_count": 3,
        "last_payload_timestamp": "2026-03-28T13:13:34.813222+00:00",
        "published_observation_count": 3,
        "peer_observation_count": 6
      },
      "replicated_state": {
        "state_type": "edge_local_replicated_state",
        "owner_edge_id": "edge-1",
        "is_validated": false,
        "is_complete": true,
        "sensor_values": {
          "temperature": 77.726,
          "pressure": 6.206,
          "rpm": 3245.581
        }
      },
      "observation_flow": [
        {
          "stage": "process_state_generation",
          "edge_id": "edge-1",
          "sensor_name": "temperature",
          "operating_state_pct": 65.0,
          "hidden_process_state": {
            "driver": "compressor_load_pct",
            "operating_state_pct": 65.0
          }
        },
        {
          "stage": "sensor_generation",
          "edge_id": "edge-1",
          "sensor_name": "temperature",
          "operating_state_pct": 65.0,
          "value": 78.949
        },
        {
          "stage": "transmitter_observation",
          "edge_id": "edge-1",
          "sensor_name": "temperature",
          "observation": {
            "sensor_name": "temperature",
            "operating_state_pct": 65.0,
            "pv": {
              "value": 78.949,
              "unit": "degC",
              "unit_code": 32,
              "description": "Process_Temperature"
            },
            "sv": {
              "value": 57.964,
              "unit": "degC",
              "unit_code": 32,
              "description": "Sensor_Body_Temperature"
            },
            "loop_current_ma": 14.536,
            "pv_percent_range": 65.849,
            "diagnostics": {
              "device_status_hex": "0x00",
              "field_device_malfunction": false,
              "loop_current_saturated": false
            }
          }
        },
        {
          "stage": "local_edge_acquisition",
          "edge_id": "edge-1",
          "sensor_name": "temperature",
          "payload_timestamp": "2026-03-28T13:13:34.411800+00:00",
          "pv_value": 78.949,
          "sv_present": true
        },
        {
          "stage": "edge_local_replicated_state",
          "edge_id": "edge-1",
          "state": {
            "state_type": "edge_local_replicated_state",
            "owner_edge_id": "edge-1",
            "is_validated": false,
            "is_complete": false,
            "sensor_values": {
              "temperature": 78.949
            }
          }
        },
        {
          "stage": "mqtt_publication",
          "edge_id": "edge-1",
          "topic": "edges/observations",
          "payload_timestamp": "2026-03-28T13:13:34.411800+00:00"
        },
        {
          "stage": "mqtt_consumption",
          "edge_id": "edge-1",
          "publisher_id": "edge-2",
          "source_tag": "PIT-101",
          "payload_timestamp": "2026-03-28T13:13:34.411888+00:00"
        },
        {
          "stage": "edge_local_replicated_state",
          "edge_id": "edge-1",
          "state": {
            "state_type": "edge_local_replicated_state",
            "owner_edge_id": "edge-1",
            "is_validated": false,
            "is_complete": false,
            "sensor_values": {
              "temperature": 78.949,
              "pressure": 6.049
            }
          }
        },
        {
          "stage": "mqtt_consumption",
          "edge_id": "edge-1",
          "publisher_id": "edge-3",
          "source_tag": "RIT-101",
          "payload_timestamp": "2026-03-28T13:13:34.411927+00:00"
        },
        {
          "stage": "edge_local_replicated_state",
          "edge_id": "edge-1",
          "state": {
            "state_type": "edge_local_replicated_state",
            "owner_edge_id": "edge-1",
            "is_validated": false,
            "is_complete": true,
            "sensor_values": {
              "temperature": 78.949,
              "pressure": 6.049,
              "rpm": 3222.331
            }
          }
        },
        {
          "stage": "process_state_generation",
          "edge_id": "edge-1",
          "sensor_name": "temperature",
          "operating_state_pct": 66.0,
          "hidden_process_state": {
            "driver": "compressor_load_pct",
            "operating_state_pct": 66.0
          }
        },
        {
          "stage": "sensor_generation",
          "edge_id": "edge-1",
          "sensor_name": "temperature",
          "operating_state_pct": 66.0,
          "value": 82.121
        },
        {
          "stage": "transmitter_observation",
          "edge_id": "edge-1",
          "sensor_name": "temperature",
          "observation": {
            "sensor_name": "temperature",
            "operating_state_pct": 66.0,
            "pv": {
              "value": 82.121,
              "unit": "degC",
              "unit_code": 32,
              "description": "Process_Temperature"
            },
            "sv": {
              "value": 59.159,
              "unit": "degC",
              "unit_code": 32,
              "description": "Sensor_Body_Temperature"
            },
            "loop_current_ma": 15.616,
            "pv_percent_range": 72.598,
            "diagnostics": {
              "device_status_hex": "0x00",
              "field_device_malfunction": false,
              "loop_current_saturated": false
            }
          }
        },
        {
          "stage": "local_edge_acquisition",
          "edge_id": "edge-1",
          "sensor_name": "temperature",
          "payload_timestamp": "2026-03-28T13:13:34.612543+00:00",
          "pv_value": 82.121,
          "sv_present": true
        },
        {
          "stage": "edge_local_replicated_state",
          "edge_id": "edge-1",
          "state": {
            "state_type": "edge_local_replicated_state",
            "owner_edge_id": "edge-1",
            "is_validated": false,
            "is_complete": true,
            "sensor_values": {
              "temperature": 82.121,
              "pressure": 6.049,
              "rpm": 3222.331
            }
          }
        },
        {
          "stage": "mqtt_publication",
          "edge_id": "edge-1",
          "topic": "edges/observations",
          "payload_timestamp": "2026-03-28T13:13:34.612543+00:00"
        },
        {
          "stage": "mqtt_consumption",
          "edge_id": "edge-1",
          "publisher_id": "edge-2",
          "source_tag": "PIT-101",
          "payload_timestamp": "2026-03-28T13:13:34.612605+00:00"
        },
        {
          "stage": "edge_local_replicated_state",
          "edge_id": "edge-1",
          "state": {
            "state_type": "edge_local_replicated_state",
            "owner_edge_id": "edge-1",
            "is_validated": false,
            "is_complete": true,
            "sensor_values": {
              "temperature": 82.121,
              "pressure": 6.258,
              "rpm": 3222.331
            }
          }
        },
        {
          "stage": "mqtt_consumption",
          "edge_id": "edge-1",
          "publisher_id": "edge-3",
          "source_tag": "RIT-101",
          "payload_timestamp": "2026-03-28T13:13:34.612633+00:00"
        },
        {
          "stage": "edge_local_replicated_state",
          "edge_id": "edge-1",
          "state": {
            "state_type": "edge_local_replicated_state",
            "owner_edge_id": "edge-1",
            "is_validated": false,
            "is_complete": true,
            "sensor_values": {
              "temperature": 82.121,
              "pressure": 6.258,
              "rpm": 3239.234
            }
          }
        },
        {
          "stage": "process_state_generation",
          "edge_id": "edge-1",
          "sensor_name": "temperature",
          "operating_state_pct": 67.0,
          "hidden_process_state": {
            "driver": "compressor_load_pct",
            "operating_state_pct": 67.0
          }
        },
        {
          "stage": "sensor_generation",
          "edge_id": "edge-1",
          "sensor_name": "temperature",
          "operating_state_pct": 67.0,
          "value": 77.726
        },
        {
          "stage": "transmitter_observation",
          "edge_id": "edge-1",
          "sensor_name": "temperature",
          "observation": {
            "sensor_name": "temperature",
            "operating_state_pct": 67.0,
            "pv": {
              "value": 77.726,
              "unit": "degC",
              "unit_code": 32,
              "description": "Process_Temperature"
            },
            "sv": {
              "value": 57.932,
              "unit": "degC",
              "unit_code": 32,
              "description": "Sensor_Body_Temperature"
            },
            "loop_current_ma": 14.12,
            "pv_percent_range": 63.247,
            "diagnostics": {
              "device_status_hex": "0x00",
              "field_device_malfunction": false,
              "loop_current_saturated": false
            }
          }
        },
        {
          "stage": "local_edge_acquisition",
          "edge_id": "edge-1",
          "sensor_name": "temperature",
          "payload_timestamp": "2026-03-28T13:13:34.813222+00:00",
          "pv_value": 77.726,
          "sv_present": true
        },
        {
          "stage": "edge_local_replicated_state",
          "edge_id": "edge-1",
          "state": {
            "state_type": "edge_local_replicated_state",
            "owner_edge_id": "edge-1",
            "is_validated": false,
            "is_complete": true,
            "sensor_values": {
              "temperature": 77.726,
              "pressure": 6.258,
              "rpm": 3239.234
            }
          }
        },
        {
          "stage": "mqtt_publication",
          "edge_id": "edge-1",
          "topic": "edges/observations",
          "payload_timestamp": "2026-03-28T13:13:34.813222+00:00"
        },
        {
          "stage": "mqtt_consumption",
          "edge_id": "edge-1",
          "publisher_id": "edge-2",
          "source_tag": "PIT-101",
          "payload_timestamp": "2026-03-28T13:13:34.813291+00:00"
        },
        {
          "stage": "edge_local_replicated_state",
          "edge_id": "edge-1",
          "state": {
            "state_type": "edge_local_replicated_state",
            "owner_edge_id": "edge-1",
            "is_validated": false,
            "is_complete": true,
            "sensor_values": {
              "temperature": 77.726,
              "pressure": 6.206,
              "rpm": 3239.234
            }
          }
        },
        {
          "stage": "mqtt_consumption",
          "edge_id": "edge-1",
          "publisher_id": "edge-3",
          "source_tag": "RIT-101",
          "payload_timestamp": "2026-03-28T13:13:34.813319+00:00"
        },
        {
          "stage": "edge_local_replicated_state",
          "edge_id": "edge-1",
          "state": {
            "state_type": "edge_local_replicated_state",
            "owner_edge_id": "edge-1",
            "is_validated": false,
            "is_complete": true,
            "sensor_values": {
              "temperature": 77.726,
              "pressure": 6.206,
              "rpm": 3245.581
            }
          }
        }
      ]
    },
    {
      "edge_id": "edge-2",
      "summary": "edge-2: published=3 consumed=6 complete=True validated=False view[pressure=6.206, rpm=3245.581, temperature=77.726]",
      "runtime_state": {
        "edge_id": "edge-2",
        "sensor_name": "pressure",
        "acquisition_count": 3,
        "last_payload_timestamp": "2026-03-28T13:13:34.813291+00:00",
        "published_observation_count": 3,
        "peer_observation_count": 6
      },
      "replicated_state": {
        "state_type": "edge_local_replicated_state",
        "owner_edge_id": "edge-2",
        "is_validated": false,
        "is_complete": true,
        "sensor_values": {
          "temperature": 77.726,
          "pressure": 6.206,
          "rpm": 3245.581
        }
      },
      "observation_flow": [
        {
          "stage": "mqtt_consumption",
          "edge_id": "edge-2",
          "publisher_id": "edge-1",
          "source_tag": "TIT-101",
          "payload_timestamp": "2026-03-28T13:13:34.411800+00:00"
        },
        {
          "stage": "edge_local_replicated_state",
          "edge_id": "edge-2",
          "state": {
            "state_type": "edge_local_replicated_state",
            "owner_edge_id": "edge-2",
            "is_validated": false,
            "is_complete": false,
            "sensor_values": {
              "temperature": 78.949
            }
          }
        },
        {
          "stage": "process_state_generation",
          "edge_id": "edge-2",
          "sensor_name": "pressure",
          "operating_state_pct": 65.0,
          "hidden_process_state": {
            "driver": "compressor_load_pct",
            "operating_state_pct": 65.0
          }
        },
        {
          "stage": "sensor_generation",
          "edge_id": "edge-2",
          "sensor_name": "pressure",
          "operating_state_pct": 65.0,
          "value": 6.049
        },
        {
          "stage": "transmitter_observation",
          "edge_id": "edge-2",
          "sensor_name": "pressure",
          "observation": {
            "sensor_name": "pressure",
            "operating_state_pct": 65.0,
            "pv": {
              "value": 6.049,
              "unit": "bar",
              "unit_code": 7,
              "description": "Process_Pressure"
            },
            "sv": {
              "value": 31.8,
              "unit": "degC",
              "unit_code": 32,
              "description": "Transmitter_Module_Temperature"
            },
            "loop_current_ma": 14.147,
            "pv_percent_range": 63.418,
            "diagnostics": {
              "device_status_hex": "0x00",
              "field_device_malfunction": false,
              "loop_current_saturated": false
            }
          }
        },
        {
          "stage": "local_edge_acquisition",
          "edge_id": "edge-2",
          "sensor_name": "pressure",
          "payload_timestamp": "2026-03-28T13:13:34.411888+00:00",
          "pv_value": 6.049,
          "sv_present": true
        },
        {
          "stage": "edge_local_replicated_state",
          "edge_id": "edge-2",
          "state": {
            "state_type": "edge_local_replicated_state",
            "owner_edge_id": "edge-2",
            "is_validated": false,
            "is_complete": false,
            "sensor_values": {
              "temperature": 78.949,
              "pressure": 6.049
            }
          }
        },
        {
          "stage": "mqtt_publication",
          "edge_id": "edge-2",
          "topic": "edges/observations",
          "payload_timestamp": "2026-03-28T13:13:34.411888+00:00"
        },
        {
          "stage": "mqtt_consumption",
          "edge_id": "edge-2",
          "publisher_id": "edge-3",
          "source_tag": "RIT-101",
          "payload_timestamp": "2026-03-28T13:13:34.411927+00:00"
        },
        {
          "stage": "edge_local_replicated_state",
          "edge_id": "edge-2",
          "state": {
            "state_type": "edge_local_replicated_state",
            "owner_edge_id": "edge-2",
            "is_validated": false,
            "is_complete": true,
            "sensor_values": {
              "temperature": 78.949,
              "pressure": 6.049,
              "rpm": 3222.331
            }
          }
        },
        {
          "stage": "mqtt_consumption",
          "edge_id": "edge-2",
          "publisher_id": "edge-1",
          "source_tag": "TIT-101",
          "payload_timestamp": "2026-03-28T13:13:34.612543+00:00"
        },
        {
          "stage": "edge_local_replicated_state",
          "edge_id": "edge-2",
          "state": {
            "state_type": "edge_local_replicated_state",
            "owner_edge_id": "edge-2",
            "is_validated": false,
            "is_complete": true,
            "sensor_values": {
              "temperature": 82.121,
              "pressure": 6.049,
              "rpm": 3222.331
            }
          }
        },
        {
          "stage": "process_state_generation",
          "edge_id": "edge-2",
          "sensor_name": "pressure",
          "operating_state_pct": 66.0,
          "hidden_process_state": {
            "driver": "compressor_load_pct",
            "operating_state_pct": 66.0
          }
        },
        {
          "stage": "sensor_generation",
          "edge_id": "edge-2",
          "sensor_name": "pressure",
          "operating_state_pct": 66.0,
          "value": 6.258
        },
        {
          "stage": "transmitter_observation",
          "edge_id": "edge-2",
          "sensor_name": "pressure",
          "observation": {
            "sensor_name": "pressure",
            "operating_state_pct": 66.0,
            "pv": {
              "value": 6.258,
              "unit": "bar",
              "unit_code": 7,
              "description": "Process_Pressure"
            },
            "sv": {
              "value": 32.32,
              "unit": "degC",
              "unit_code": 32,
              "description": "Transmitter_Module_Temperature"
            },
            "loop_current_ma": 14.646,
            "pv_percent_range": 66.537,
            "diagnostics": {
              "device_status_hex": "0x00",
              "field_device_malfunction": false,
              "loop_current_saturated": false
            }
          }
        },
        {
          "stage": "local_edge_acquisition",
          "edge_id": "edge-2",
          "sensor_name": "pressure",
          "payload_timestamp": "2026-03-28T13:13:34.612605+00:00",
          "pv_value": 6.258,
          "sv_present": true
        },
        {
          "stage": "edge_local_replicated_state",
          "edge_id": "edge-2",
          "state": {
            "state_type": "edge_local_replicated_state",
            "owner_edge_id": "edge-2",
            "is_validated": false,
            "is_complete": true,
            "sensor_values": {
              "temperature": 82.121,
              "pressure": 6.258,
              "rpm": 3222.331
            }
          }
        },
        {
          "stage": "mqtt_publication",
          "edge_id": "edge-2",
          "topic": "edges/observations",
          "payload_timestamp": "2026-03-28T13:13:34.612605+00:00"
        },
        {
          "stage": "mqtt_consumption",
          "edge_id": "edge-2",
          "publisher_id": "edge-3",
          "source_tag": "RIT-101",
          "payload_timestamp": "2026-03-28T13:13:34.612633+00:00"
        },
        {
          "stage": "edge_local_replicated_state",
          "edge_id": "edge-2",
          "state": {
            "state_type": "edge_local_replicated_state",
            "owner_edge_id": "edge-2",
            "is_validated": false,
            "is_complete": true,
            "sensor_values": {
              "temperature": 82.121,
              "pressure": 6.258,
              "rpm": 3239.234
            }
          }
        },
        {
          "stage": "mqtt_consumption",
          "edge_id": "edge-2",
          "publisher_id": "edge-1",
          "source_tag": "TIT-101",
          "payload_timestamp": "2026-03-28T13:13:34.813222+00:00"
        },
        {
          "stage": "edge_local_replicated_state",
          "edge_id": "edge-2",
          "state": {
            "state_type": "edge_local_replicated_state",
            "owner_edge_id": "edge-2",
            "is_validated": false,
            "is_complete": true,
            "sensor_values": {
              "temperature": 77.726,
              "pressure": 6.258,
              "rpm": 3239.234
            }
          }
        },
        {
          "stage": "process_state_generation",
          "edge_id": "edge-2",
          "sensor_name": "pressure",
          "operating_state_pct": 67.0,
          "hidden_process_state": {
            "driver": "compressor_load_pct",
            "operating_state_pct": 67.0
          }
        },
        {
          "stage": "sensor_generation",
          "edge_id": "edge-2",
          "sensor_name": "pressure",
          "operating_state_pct": 67.0,
          "value": 6.206
        },
        {
          "stage": "transmitter_observation",
          "edge_id": "edge-2",
          "sensor_name": "pressure",
          "observation": {
            "sensor_name": "pressure",
            "operating_state_pct": 67.0,
            "pv": {
              "value": 6.206,
              "unit": "bar",
              "unit_code": 7,
              "description": "Process_Pressure"
            },
            "sv": {
              "value": 32.84,
              "unit": "degC",
              "unit_code": 32,
              "description": "Transmitter_Module_Temperature"
            },
            "loop_current_ma": 14.522,
            "pv_percent_range": 65.761,
            "diagnostics": {
              "device_status_hex": "0x00",
              "field_device_malfunction": false,
              "loop_current_saturated": false
            }
          }
        },
        {
          "stage": "local_edge_acquisition",
          "edge_id": "edge-2",
          "sensor_name": "pressure",
          "payload_timestamp": "2026-03-28T13:13:34.813291+00:00",
          "pv_value": 6.206,
          "sv_present": true
        },
        {
          "stage": "edge_local_replicated_state",
          "edge_id": "edge-2",
          "state": {
            "state_type": "edge_local_replicated_state",
            "owner_edge_id": "edge-2",
            "is_validated": false,
            "is_complete": true,
            "sensor_values": {
              "temperature": 77.726,
              "pressure": 6.206,
              "rpm": 3239.234
            }
          }
        },
        {
          "stage": "mqtt_publication",
          "edge_id": "edge-2",
          "topic": "edges/observations",
          "payload_timestamp": "2026-03-28T13:13:34.813291+00:00"
        },
        {
          "stage": "mqtt_consumption",
          "edge_id": "edge-2",
          "publisher_id": "edge-3",
          "source_tag": "RIT-101",
          "payload_timestamp": "2026-03-28T13:13:34.813319+00:00"
        },
        {
          "stage": "edge_local_replicated_state",
          "edge_id": "edge-2",
          "state": {
            "state_type": "edge_local_replicated_state",
            "owner_edge_id": "edge-2",
            "is_validated": false,
            "is_complete": true,
            "sensor_values": {
              "temperature": 77.726,
              "pressure": 6.206,
              "rpm": 3245.581
            }
          }
        }
      ]
    },
    {
      "edge_id": "edge-3",
      "summary": "edge-3: published=3 consumed=6 complete=True validated=False view[pressure=6.206, rpm=3245.581, temperature=77.726]",
      "runtime_state": {
        "edge_id": "edge-3",
        "sensor_name": "rpm",
        "acquisition_count": 3,
        "last_payload_timestamp": "2026-03-28T13:13:34.813319+00:00",
        "published_observation_count": 3,
        "peer_observation_count": 6
      },
      "replicated_state": {
        "state_type": "edge_local_replicated_state",
        "owner_edge_id": "edge-3",
        "is_validated": false,
        "is_complete": true,
        "sensor_values": {
          "temperature": 77.726,
          "pressure": 6.206,
          "rpm": 3245.581
        }
      },
      "observation_flow": [
        {
          "stage": "mqtt_consumption",
          "edge_id": "edge-3",
          "publisher_id": "edge-1",
          "source_tag": "TIT-101",
          "payload_timestamp": "2026-03-28T13:13:34.411800+00:00"
        },
        {
          "stage": "edge_local_replicated_state",
          "edge_id": "edge-3",
          "state": {
            "state_type": "edge_local_replicated_state",
            "owner_edge_id": "edge-3",
            "is_validated": false,
            "is_complete": false,
            "sensor_values": {
              "temperature": 78.949
            }
          }
        },
        {
          "stage": "mqtt_consumption",
          "edge_id": "edge-3",
          "publisher_id": "edge-2",
          "source_tag": "PIT-101",
          "payload_timestamp": "2026-03-28T13:13:34.411888+00:00"
        },
        {
          "stage": "edge_local_replicated_state",
          "edge_id": "edge-3",
          "state": {
            "state_type": "edge_local_replicated_state",
            "owner_edge_id": "edge-3",
            "is_validated": false,
            "is_complete": false,
            "sensor_values": {
              "temperature": 78.949,
              "pressure": 6.049
            }
          }
        },
        {
          "stage": "process_state_generation",
          "edge_id": "edge-3",
          "sensor_name": "rpm",
          "operating_state_pct": 65.0,
          "hidden_process_state": {
            "driver": "compressor_load_pct",
            "operating_state_pct": 65.0
          }
        },
        {
          "stage": "sensor_generation",
          "edge_id": "edge-3",
          "sensor_name": "rpm",
          "operating_state_pct": 65.0,
          "value": 3222.331
        },
        {
          "stage": "transmitter_observation",
          "edge_id": "edge-3",
          "sensor_name": "rpm",
          "observation": {
            "sensor_name": "rpm",
            "operating_state_pct": 65.0,
            "pv": {
              "value": 3222.331,
              "unit": "rpm",
              "unit_code": null,
              "description": "Shaft_Speed"
            },
            "loop_current_ma": 14.786,
            "pv_percent_range": 67.411,
            "diagnostics": {
              "device_status_hex": "0x00",
              "field_device_malfunction": false,
              "loop_current_saturated": false
            }
          }
        },
        {
          "stage": "local_edge_acquisition",
          "edge_id": "edge-3",
          "sensor_name": "rpm",
          "payload_timestamp": "2026-03-28T13:13:34.411927+00:00",
          "pv_value": 3222.331,
          "sv_present": false
        },
        {
          "stage": "edge_local_replicated_state",
          "edge_id": "edge-3",
          "state": {
            "state_type": "edge_local_replicated_state",
            "owner_edge_id": "edge-3",
            "is_validated": false,
            "is_complete": true,
            "sensor_values": {
              "temperature": 78.949,
              "pressure": 6.049,
              "rpm": 3222.331
            }
          }
        },
        {
          "stage": "mqtt_publication",
          "edge_id": "edge-3",
          "topic": "edges/observations",
          "payload_timestamp": "2026-03-28T13:13:34.411927+00:00"
        },
        {
          "stage": "mqtt_consumption",
          "edge_id": "edge-3",
          "publisher_id": "edge-1",
          "source_tag": "TIT-101",
          "payload_timestamp": "2026-03-28T13:13:34.612543+00:00"
        },
        {
          "stage": "edge_local_replicated_state",
          "edge_id": "edge-3",
          "state": {
            "state_type": "edge_local_replicated_state",
            "owner_edge_id": "edge-3",
            "is_validated": false,
            "is_complete": true,
            "sensor_values": {
              "temperature": 82.121,
              "pressure": 6.049,
              "rpm": 3222.331
            }
          }
        },
        {
          "stage": "mqtt_consumption",
          "edge_id": "edge-3",
          "publisher_id": "edge-2",
          "source_tag": "PIT-101",
          "payload_timestamp": "2026-03-28T13:13:34.612605+00:00"
        },
        {
          "stage": "edge_local_replicated_state",
          "edge_id": "edge-3",
          "state": {
            "state_type": "edge_local_replicated_state",
            "owner_edge_id": "edge-3",
            "is_validated": false,
            "is_complete": true,
            "sensor_values": {
              "temperature": 82.121,
              "pressure": 6.258,
              "rpm": 3222.331
            }
          }
        },
        {
          "stage": "process_state_generation",
          "edge_id": "edge-3",
          "sensor_name": "rpm",
          "operating_state_pct": 66.0,
          "hidden_process_state": {
            "driver": "compressor_load_pct",
            "operating_state_pct": 66.0
          }
        },
        {
          "stage": "sensor_generation",
          "edge_id": "edge-3",
          "sensor_name": "rpm",
          "operating_state_pct": 66.0,
          "value": 3239.234
        },
        {
          "stage": "transmitter_observation",
          "edge_id": "edge-3",
          "sensor_name": "rpm",
          "observation": {
            "sensor_name": "rpm",
            "operating_state_pct": 66.0,
            "pv": {
              "value": 3239.234,
              "unit": "rpm",
              "unit_code": null,
              "description": "Shaft_Speed"
            },
            "loop_current_ma": 14.876,
            "pv_percent_range": 67.974,
            "diagnostics": {
              "device_status_hex": "0x00",
              "field_device_malfunction": false,
              "loop_current_saturated": false
            }
          }
        },
        {
          "stage": "local_edge_acquisition",
          "edge_id": "edge-3",
          "sensor_name": "rpm",
          "payload_timestamp": "2026-03-28T13:13:34.612633+00:00",
          "pv_value": 3239.234,
          "sv_present": false
        },
        {
          "stage": "edge_local_replicated_state",
          "edge_id": "edge-3",
          "state": {
            "state_type": "edge_local_replicated_state",
            "owner_edge_id": "edge-3",
            "is_validated": false,
            "is_complete": true,
            "sensor_values": {
              "temperature": 82.121,
              "pressure": 6.258,
              "rpm": 3239.234
            }
          }
        },
        {
          "stage": "mqtt_publication",
          "edge_id": "edge-3",
          "topic": "edges/observations",
          "payload_timestamp": "2026-03-28T13:13:34.612633+00:00"
        },
        {
          "stage": "mqtt_consumption",
          "edge_id": "edge-3",
          "publisher_id": "edge-1",
          "source_tag": "TIT-101",
          "payload_timestamp": "2026-03-28T13:13:34.813222+00:00"
        },
        {
          "stage": "edge_local_replicated_state",
          "edge_id": "edge-3",
          "state": {
            "state_type": "edge_local_replicated_state",
            "owner_edge_id": "edge-3",
            "is_validated": false,
            "is_complete": true,
            "sensor_values": {
              "temperature": 77.726,
              "pressure": 6.258,
              "rpm": 3239.234
            }
          }
        },
        {
          "stage": "mqtt_consumption",
          "edge_id": "edge-3",
          "publisher_id": "edge-2",
          "source_tag": "PIT-101",
          "payload_timestamp": "2026-03-28T13:13:34.813291+00:00"
        },
        {
          "stage": "edge_local_replicated_state",
          "edge_id": "edge-3",
          "state": {
            "state_type": "edge_local_replicated_state",
            "owner_edge_id": "edge-3",
            "is_validated": false,
            "is_complete": true,
            "sensor_values": {
              "temperature": 77.726,
              "pressure": 6.206,
              "rpm": 3239.234
            }
          }
        },
        {
          "stage": "process_state_generation",
          "edge_id": "edge-3",
          "sensor_name": "rpm",
          "operating_state_pct": 67.0,
          "hidden_process_state": {
            "driver": "compressor_load_pct",
            "operating_state_pct": 67.0
          }
        },
        {
          "stage": "sensor_generation",
          "edge_id": "edge-3",
          "sensor_name": "rpm",
          "operating_state_pct": 67.0,
          "value": 3245.581
        },
        {
          "stage": "transmitter_observation",
          "edge_id": "edge-3",
          "sensor_name": "rpm",
          "observation": {
            "sensor_name": "rpm",
            "operating_state_pct": 67.0,
            "pv": {
              "value": 3245.581,
              "unit": "rpm",
              "unit_code": null,
              "description": "Shaft_Speed"
            },
            "loop_current_ma": 14.91,
            "pv_percent_range": 68.186,
            "diagnostics": {
              "device_status_hex": "0x00",
              "field_device_malfunction": false,
              "loop_current_saturated": false
            }
          }
        },
        {
          "stage": "local_edge_acquisition",
          "edge_id": "edge-3",
          "sensor_name": "rpm",
          "payload_timestamp": "2026-03-28T13:13:34.813319+00:00",
          "pv_value": 3245.581,
          "sv_present": false
        },
        {
          "stage": "edge_local_replicated_state",
          "edge_id": "edge-3",
          "state": {
            "state_type": "edge_local_replicated_state",
            "owner_edge_id": "edge-3",
            "is_validated": false,
            "is_complete": true,
            "sensor_values": {
              "temperature": 77.726,
              "pressure": 6.206,
              "rpm": 3245.581
            }
          }
        },
        {
          "stage": "mqtt_publication",
          "edge_id": "edge-3",
          "topic": "edges/observations",
          "payload_timestamp": "2026-03-28T13:13:34.813319+00:00"
        }
      ]
    }
  ]
}